<?xml version="1.0" encoding="UTF-8"?>
<!-- Generated by org.testng.reporters.JUnitXMLReporter -->
<testsuite hostname="DESKTOP-B8QHPPA" ignored="0" name="Default test" tests="4" failures="0" timestamp="14 Jun 2021 06:50:38 GMT" time="310.455" errors="0">
  <testcase name="createCaseProcedureSelectionFlowTest" time="48.05" classname="com.ort.qa.testcases.CreateCaseProcedureSelectionFlowTest"/>
  <testcase name="createCaseProcedureSelectionFlowTest" time="58.328" classname="com.ort.qa.testcases.CreateCaseProcedureSelectionFlowTest"/>
  <testcase name="createCaseProcedureSelectionFlowTest" time="47.398" classname="com.ort.qa.testcases.CreateCaseProcedureSelectionFlowTest"/>
  <testcase name="createCaseProcedureSelectionFlowTest" time="48.051" classname="com.ort.qa.testcases.CreateCaseProcedureSelectionFlowTest"/>
</testsuite> <!-- Default test -->
