<?xml version="1.0" encoding="UTF-8"?>
<testng-results skipped="0" failed="0" ignored="0" total="1" passed="1">
  <reporter-output>
  </reporter-output>
  <suite name="Default suite" duration-ms="45743" started-at="2021-06-21T12:14:24Z" finished-at="2021-06-21T12:15:09Z">
    <groups>
    </groups>
    <test name="Default test" duration-ms="45743" started-at="2021-06-21T12:14:24Z" finished-at="2021-06-21T12:15:09Z">
      <class name="com.ort.qa.testcases.SPDCaseQueuePageTest">
        <test-method status="PASS" signature="setUp()[pri:0, instance:com.ort.qa.testcases.SPDCaseQueuePageTest@204f30ec]" name="setUp" is-config="true" duration-ms="33632" started-at="2021-06-21T12:14:24Z" finished-at="2021-06-21T12:14:57Z">
          <reporter-output>
          </reporter-output>
        </test-method> <!-- setUp -->
        <test-method status="PASS" signature="searchPatient()[pri:1, instance:com.ort.qa.testcases.SPDCaseQueuePageTest@204f30ec]" name="searchPatient" duration-ms="9233" started-at="2021-06-21T12:14:57Z" finished-at="2021-06-21T12:15:07Z">
          <reporter-output>
          </reporter-output>
        </test-method> <!-- searchPatient -->
        <test-method status="PASS" signature="tearDown()[pri:0, instance:com.ort.qa.testcases.SPDCaseQueuePageTest@204f30ec]" name="tearDown" is-config="true" duration-ms="2838" started-at="2021-06-21T12:15:07Z" finished-at="2021-06-21T12:15:09Z">
          <reporter-output>
          </reporter-output>
        </test-method> <!-- tearDown -->
      </class> <!-- com.ort.qa.testcases.SPDCaseQueuePageTest -->
    </test> <!-- Default test -->
  </suite> <!-- Default suite -->
</testng-results>
