<?xml version="1.0" encoding="UTF-8"?>
<testng-results skipped="0" failed="0" ignored="7" total="9" passed="2">
  <reporter-output>
  </reporter-output>
  <suite name="Default suite" duration-ms="158075" started-at="2021-06-16T10:57:54Z" finished-at="2021-06-16T11:00:32Z">
    <groups>
    </groups>
    <test name="Default test" duration-ms="158075" started-at="2021-06-16T10:57:54Z" finished-at="2021-06-16T11:00:32Z">
      <class name="com.ort.qa.testcases.CreateCaseFindPatientPageTest">
        <test-method status="PASS" signature="setUp()[pri:0, instance:com.ort.qa.testcases.CreateCaseFindPatientPageTest@e25b2fe]" name="setUp" is-config="true" duration-ms="26252" started-at="2021-06-16T10:57:54Z" finished-at="2021-06-16T10:58:21Z">
          <reporter-output>
          </reporter-output>
        </test-method> <!-- setUp -->
        <test-method status="PASS" signature="createCaseFindPatientLongFlowTest(java.lang.String, java.lang.String, java.lang.String, java.lang.String, java.lang.String, java.lang.String, java.lang.String, java.lang.String, java.lang.String, java.lang.String, java.lang.String, java.lang.String, java.lang.String, java.lang.String, java.lang.String)[pri:2, instance:com.ort.qa.testcases.CreateCaseFindPatientPageTest@e25b2fe]" name="createCaseFindPatientLongFlowTest" duration-ms="53264" started-at="2021-06-16T10:58:21Z" data-provider="LongFlow" finished-at="2021-06-16T10:59:14Z">
          <params>
            <param index="0">
              <value>
                <![CDATA[Active]]>
              </value>
            </param>
            <param index="1">
              <value>
                <![CDATA[Sharma]]>
              </value>
            </param>
            <param index="2">
              <value>
                <![CDATA[V]]>
              </value>
            </param>
            <param index="3">
              <value>
                <![CDATA[646464]]>
              </value>
            </param>
            <param index="4">
              <value>
                <![CDATA[Christiana surgeon ]]>
              </value>
            </param>
            <param index="5">
              <value>
                <![CDATA[Normal (Up to 48hrs.) ]]>
              </value>
            </param>
            <param index="6">
              <value>
                <![CDATA[Yes]]>
              </value>
            </param>
            <param index="7">
              <value>
                <![CDATA[Trauma]]>
              </value>
            </param>
            <param index="8">
              <value>
                <![CDATA[Do not drink water one hour before Surgery]]>
              </value>
            </param>
            <param index="9">
              <value>
                <![CDATA[A/C]]>
              </value>
            </param>
            <param index="10">
              <value>
                <![CDATA[NO]]>
              </value>
            </param>
            <param index="11">
              <value>
                <![CDATA[Right]]>
              </value>
            </param>
            <param index="12">
              <value>
                <![CDATA[Prone]]>
              </value>
            </param>
            <param index="13">
              <value>
                <![CDATA[No Comments]]>
              </value>
            </param>
            <param index="14">
              <value>
                <![CDATA[No Instructions]]>
              </value>
            </param>
          </params>
          <reporter-output>
          </reporter-output>
        </test-method> <!-- createCaseFindPatientLongFlowTest -->
        <test-method status="PASS" signature="setUp()[pri:0, instance:com.ort.qa.testcases.CreateCaseFindPatientPageTest@e25b2fe]" name="setUp" is-config="true" duration-ms="24705" started-at="2021-06-16T10:59:14Z" finished-at="2021-06-16T10:59:39Z">
          <reporter-output>
          </reporter-output>
        </test-method> <!-- setUp -->
        <test-method status="PASS" signature="createCaseFindPatientLongFlowTest(java.lang.String, java.lang.String, java.lang.String, java.lang.String, java.lang.String, java.lang.String, java.lang.String, java.lang.String, java.lang.String, java.lang.String, java.lang.String, java.lang.String, java.lang.String, java.lang.String, java.lang.String)[pri:2, instance:com.ort.qa.testcases.CreateCaseFindPatientPageTest@e25b2fe]" name="createCaseFindPatientLongFlowTest" duration-ms="53184" started-at="2021-06-16T10:59:39Z" data-provider="LongFlow" finished-at="2021-06-16T11:00:32Z">
          <params>
            <param index="0">
              <value>
                <![CDATA[Active]]>
              </value>
            </param>
            <param index="1">
              <value>
                <![CDATA[Sharma]]>
              </value>
            </param>
            <param index="2">
              <value>
                <![CDATA[Vikas]]>
              </value>
            </param>
            <param index="3">
              <value>
                <![CDATA[646464]]>
              </value>
            </param>
            <param index="4">
              <value>
                <![CDATA[Christiana 44_Test ]]>
              </value>
            </param>
            <param index="5">
              <value>
                <![CDATA[Urgent (Up to 8hrs.) ]]>
              </value>
            </param>
            <param index="6">
              <value>
                <![CDATA[No]]>
              </value>
            </param>
            <param index="7">
              <value>
                <![CDATA[Trauma]]>
              </value>
            </param>
            <param index="8">
              <value>
                <![CDATA[Do not drink water one hour before Surgery]]>
              </value>
            </param>
            <param index="9">
              <value>
                <![CDATA[General]]>
              </value>
            </param>
            <param index="10">
              <value>
                <![CDATA[NO]]>
              </value>
            </param>
            <param index="11">
              <value>
                <![CDATA[Right]]>
              </value>
            </param>
            <param index="12">
              <value>
                <![CDATA[Bleach Chair]]>
              </value>
            </param>
            <param index="13">
              <value>
                <![CDATA[No Comments]]>
              </value>
            </param>
            <param index="14">
              <value>
                <![CDATA[No Instructions]]>
              </value>
            </param>
          </params>
          <reporter-output>
          </reporter-output>
        </test-method> <!-- createCaseFindPatientLongFlowTest -->
      </class> <!-- com.ort.qa.testcases.CreateCaseFindPatientPageTest -->
    </test> <!-- Default test -->
  </suite> <!-- Default suite -->
</testng-results>
