<?xml version="1.0" encoding="UTF-8"?>
<testng-results skipped="0" failed="0" ignored="0" total="1" passed="1">
  <reporter-output>
  </reporter-output>
  <suite name="Default suite" duration-ms="17855" started-at="2021-05-14T10:22:47Z" finished-at="2021-05-14T10:23:04Z">
    <groups>
    </groups>
    <test name="Default test" duration-ms="17855" started-at="2021-05-14T10:22:47Z" finished-at="2021-05-14T10:23:04Z">
      <class name="TestCases.NurseDashboardPageTest">
        <test-method status="PASS" signature="setUp()[pri:0, instance:TestCases.NurseDashboardPageTest@204f30ec]" name="setUp" is-config="true" duration-ms="17004" started-at="2021-05-14T10:22:47Z" finished-at="2021-05-14T10:23:04Z">
          <reporter-output>
          </reporter-output>
        </test-method> <!-- setUp -->
        <test-method status="PASS" signature="verifyDashboardPageTitleTest()[pri:1, instance:TestCases.NurseDashboardPageTest@204f30ec]" name="verifyDashboardPageTitleTest" duration-ms="23" started-at="2021-05-14T10:23:04Z" finished-at="2021-05-14T10:23:04Z">
          <reporter-output>
          </reporter-output>
        </test-method> <!-- verifyDashboardPageTitleTest -->
        <test-method status="PASS" signature="tearDown()[pri:0, instance:TestCases.NurseDashboardPageTest@204f30ec]" name="tearDown" is-config="true" duration-ms="792" started-at="2021-05-14T10:23:04Z" finished-at="2021-05-14T10:23:04Z">
          <reporter-output>
          </reporter-output>
        </test-method> <!-- tearDown -->
      </class> <!-- TestCases.NurseDashboardPageTest -->
    </test> <!-- Default test -->
  </suite> <!-- Default suite -->
</testng-results>
