<?xml version="1.0" encoding="UTF-8"?>
<testng-results skipped="0" failed="0" ignored="0" total="10" passed="10">
  <reporter-output>
  </reporter-output>
  <suite name="Default suite" duration-ms="470071" started-at="2021-06-22T12:20:01Z" finished-at="2021-06-22T12:27:51Z">
    <groups>
    </groups>
    <test name="Default test" duration-ms="470071" started-at="2021-06-22T12:20:01Z" finished-at="2021-06-22T12:27:51Z">
      <class name="com.ort.qa.testcases.CreateCaseFlowPageTest">
        <test-method status="PASS" signature="setUp()[pri:0, instance:com.ort.qa.testcases.CreateCaseFlowPageTest@204f30ec]" name="setUp" is-config="true" duration-ms="36466" started-at="2021-06-22T12:20:01Z" finished-at="2021-06-22T12:20:38Z">
          <reporter-output>
          </reporter-output>
        </test-method> <!-- setUp -->
        <test-method status="PASS" signature="createCaseFindPatientLongFlowTest(java.lang.String, java.lang.String, java.lang.String, java.lang.String, java.lang.String, java.lang.String, java.lang.String, java.lang.String, java.lang.String, java.lang.String, java.lang.String, java.lang.String, java.lang.String, java.lang.String, java.lang.String)[pri:1, instance:com.ort.qa.testcases.CreateCaseFlowPageTest@204f30ec]" name="createCaseFindPatientLongFlowTest" duration-ms="60058" started-at="2021-06-22T12:20:38Z" data-provider="LongFlow" finished-at="2021-06-22T12:21:38Z">
          <params>
            <param index="0">
              <value>
                <![CDATA[Active]]>
              </value>
            </param>
            <param index="1">
              <value>
                <![CDATA[Sharma]]>
              </value>
            </param>
            <param index="2">
              <value>
                <![CDATA[Vikas]]>
              </value>
            </param>
            <param index="3">
              <value>
                <![CDATA[646464]]>
              </value>
            </param>
            <param index="4">
              <value>
                <![CDATA[Christiana surgeon ]]>
              </value>
            </param>
            <param index="5">
              <value>
                <![CDATA[Critical (Up to 1hr.)]]>
              </value>
            </param>
            <param index="6">
              <value>
                <![CDATA[Yes]]>
              </value>
            </param>
            <param index="7">
              <value>
                <![CDATA[Trauma]]>
              </value>
            </param>
            <param index="8">
              <value>
                <![CDATA[Do not drink water one hour before Surgery]]>
              </value>
            </param>
            <param index="9">
              <value>
                <![CDATA[Local]]>
              </value>
            </param>
            <param index="10">
              <value>
                <![CDATA[NO]]>
              </value>
            </param>
            <param index="11">
              <value>
                <![CDATA[Bilateral]]>
              </value>
            </param>
            <param index="12">
              <value>
                <![CDATA[Bleach Chair]]>
              </value>
            </param>
            <param index="13">
              <value>
                <![CDATA[No Comments]]>
              </value>
            </param>
            <param index="14">
              <value>
                <![CDATA[No Instructions]]>
              </value>
            </param>
          </params>
          <reporter-output>
          </reporter-output>
        </test-method> <!-- createCaseFindPatientLongFlowTest -->
        <test-method status="PASS" signature="createCaseFindPatientLongFlowTest(java.lang.String, java.lang.String, java.lang.String, java.lang.String, java.lang.String, java.lang.String, java.lang.String, java.lang.String, java.lang.String, java.lang.String, java.lang.String, java.lang.String, java.lang.String, java.lang.String, java.lang.String)[pri:1, instance:com.ort.qa.testcases.CreateCaseFlowPageTest@204f30ec]" name="createCaseFindPatientLongFlowTest" duration-ms="56921" started-at="2021-06-22T12:21:38Z" data-provider="LongFlow" finished-at="2021-06-22T12:22:35Z">
          <params>
            <param index="0">
              <value>
                <![CDATA[Active]]>
              </value>
            </param>
            <param index="1">
              <value>
                <![CDATA[Sharma]]>
              </value>
            </param>
            <param index="2">
              <value>
                <![CDATA[Vikas]]>
              </value>
            </param>
            <param index="3">
              <value>
                <![CDATA[646464]]>
              </value>
            </param>
            <param index="4">
              <value>
                <![CDATA[Christiana 44_Test ]]>
              </value>
            </param>
            <param index="5">
              <value>
                <![CDATA[Urgent (Up to 8hrs.) ]]>
              </value>
            </param>
            <param index="6">
              <value>
                <![CDATA[No]]>
              </value>
            </param>
            <param index="7">
              <value>
                <![CDATA[Trauma]]>
              </value>
            </param>
            <param index="8">
              <value>
                <![CDATA[Do not drink water one hour before Surgery]]>
              </value>
            </param>
            <param index="9">
              <value>
                <![CDATA[General]]>
              </value>
            </param>
            <param index="10">
              <value>
                <![CDATA[NO]]>
              </value>
            </param>
            <param index="11">
              <value>
                <![CDATA[Right]]>
              </value>
            </param>
            <param index="12">
              <value>
                <![CDATA[Bleach Chair]]>
              </value>
            </param>
            <param index="13">
              <value>
                <![CDATA[No Comments]]>
              </value>
            </param>
            <param index="14">
              <value>
                <![CDATA[No Instructions]]>
              </value>
            </param>
          </params>
          <reporter-output>
          </reporter-output>
        </test-method> <!-- createCaseFindPatientLongFlowTest -->
        <test-method status="PASS" signature="createCasePreferenceCardFlowTest(java.lang.String, java.lang.String, java.lang.String, java.lang.String, java.lang.String, java.lang.String, java.lang.String, java.lang.String, java.lang.String, java.lang.String, java.lang.String, java.lang.String, java.lang.String, java.lang.String, java.lang.String, java.lang.String, java.lang.String)[pri:2, instance:com.ort.qa.testcases.CreateCaseFlowPageTest@204f30ec]" name="createCasePreferenceCardFlowTest" duration-ms="91397" started-at="2021-06-22T12:22:36Z" data-provider="PreferenceCardSelectionFlow" finished-at="2021-06-22T12:24:07Z">
          <params>
            <param index="0">
              <value>
                <![CDATA[Active]]>
              </value>
            </param>
            <param index="1">
              <value>
                <![CDATA[Sharma]]>
              </value>
            </param>
            <param index="2">
              <value>
                <![CDATA[Vikas]]>
              </value>
            </param>
            <param index="3">
              <value>
                <![CDATA[646464]]>
              </value>
            </param>
            <param index="4">
              <value>
                <![CDATA[Michael J. Principe ]]>
              </value>
            </param>
            <param index="5">
              <value>
                <![CDATA[Critical (Up to 1hr.)]]>
              </value>
            </param>
            <param index="6">
              <value>
                <![CDATA[Yes]]>
              </value>
            </param>
            <param index="7">
              <value>
                <![CDATA[Trauma]]>
              </value>
            </param>
            <param index="8">
              <value>
                <![CDATA[No]]>
              </value>
            </param>
            <param index="9">
              <value>
                <![CDATA[No]]>
              </value>
            </param>
            <param index="10">
              <value>
                <![CDATA[ARTHRODESIS (FUSION) ANKLE W/WO GRAFT]]>
              </value>
            </param>
            <param index="11">
              <value>
                <![CDATA[General]]>
              </value>
            </param>
            <param index="12">
              <value>
                <![CDATA[NO]]>
              </value>
            </param>
            <param index="13">
              <value>
                <![CDATA[Left]]>
              </value>
            </param>
            <param index="14">
              <value>
                <![CDATA[Beach Chair]]>
              </value>
            </param>
            <param index="15">
              <value>
                <![CDATA[NO]]>
              </value>
            </param>
            <param index="16">
              <value>
                <![CDATA[NO]]>
              </value>
            </param>
          </params>
          <reporter-output>
          </reporter-output>
        </test-method> <!-- createCasePreferenceCardFlowTest -->
        <test-method status="PASS" signature="createCasePreferenceCardFlowTest(java.lang.String, java.lang.String, java.lang.String, java.lang.String, java.lang.String, java.lang.String, java.lang.String, java.lang.String, java.lang.String, java.lang.String, java.lang.String, java.lang.String, java.lang.String, java.lang.String, java.lang.String, java.lang.String, java.lang.String)[pri:2, instance:com.ort.qa.testcases.CreateCaseFlowPageTest@204f30ec]" name="createCasePreferenceCardFlowTest" duration-ms="70935" started-at="2021-06-22T12:24:07Z" data-provider="PreferenceCardSelectionFlow" finished-at="2021-06-22T12:25:18Z">
          <params>
            <param index="0">
              <value>
                <![CDATA[Active]]>
              </value>
            </param>
            <param index="1">
              <value>
                <![CDATA[Sharma]]>
              </value>
            </param>
            <param index="2">
              <value>
                <![CDATA[V]]>
              </value>
            </param>
            <param index="3">
              <value>
                <![CDATA[646464]]>
              </value>
            </param>
            <param index="4">
              <value>
                <![CDATA[Eric T. Johnson]]>
              </value>
            </param>
            <param index="5">
              <value>
                <![CDATA[Normal (Up to 48hrs.) ]]>
              </value>
            </param>
            <param index="6">
              <value>
                <![CDATA[Yes]]>
              </value>
            </param>
            <param index="7">
              <value>
                <![CDATA[Trauma]]>
              </value>
            </param>
            <param index="8">
              <value>
                <![CDATA[No]]>
              </value>
            </param>
            <param index="9">
              <value>
                <![CDATA[No]]>
              </value>
            </param>
            <param index="10">
              <value>
                <![CDATA[EXTERNAL FIXATOR SMALL APPLICATION]]>
              </value>
            </param>
            <param index="11">
              <value>
                <![CDATA[MAC]]>
              </value>
            </param>
            <param index="12">
              <value>
                <![CDATA[NO]]>
              </value>
            </param>
            <param index="13">
              <value>
                <![CDATA[Left]]>
              </value>
            </param>
            <param index="14">
              <value>
                <![CDATA[Supine]]>
              </value>
            </param>
            <param index="15">
              <value>
                <![CDATA[NO]]>
              </value>
            </param>
            <param index="16">
              <value>
                <![CDATA[NO]]>
              </value>
            </param>
          </params>
          <reporter-output>
          </reporter-output>
        </test-method> <!-- createCasePreferenceCardFlowTest -->
        <test-method status="PASS" signature="createCaseProcedureSelectionFlowTest(java.lang.String, java.lang.String, java.lang.String, java.lang.String, java.lang.String, java.lang.String, java.lang.String, java.lang.String, java.lang.String, java.lang.String, java.lang.String, java.lang.String, java.lang.String, java.lang.String, java.lang.String, java.lang.String)[pri:3, instance:com.ort.qa.testcases.CreateCaseFlowPageTest@204f30ec]" name="createCaseProcedureSelectionFlowTest" duration-ms="59422" started-at="2021-06-22T12:25:18Z" data-provider="ProcedureSelectionFlow" finished-at="2021-06-22T12:26:17Z">
          <params>
            <param index="0">
              <value>
                <![CDATA[Active]]>
              </value>
            </param>
            <param index="1">
              <value>
                <![CDATA[Sharma]]>
              </value>
            </param>
            <param index="2">
              <value>
                <![CDATA[Vikas]]>
              </value>
            </param>
            <param index="3">
              <value>
                <![CDATA[646464]]>
              </value>
            </param>
            <param index="4">
              <value>
                <![CDATA[Christiana surgeon ]]>
              </value>
            </param>
            <param index="5">
              <value>
                <![CDATA[Critical (Up to 1hr.)]]>
              </value>
            </param>
            <param index="6">
              <value>
                <![CDATA[Yes]]>
              </value>
            </param>
            <param index="7">
              <value>
                <![CDATA[Trauma]]>
              </value>
            </param>
            <param index="8">
              <value>
                <![CDATA[IM Nail Hip / InterTroch / CMN Hip (27245)]]>
              </value>
            </param>
            <param index="9">
              <value>
                <![CDATA[3,2,3]]>
              </value>
            </param>
            <param index="10">
              <value>
                <![CDATA[General]]>
              </value>
            </param>
            <param index="11">
              <value>
                <![CDATA[NO]]>
              </value>
            </param>
            <param index="12">
              <value>
                <![CDATA[Left]]>
              </value>
            </param>
            <param index="13">
              <value>
                <![CDATA[Beach Chair]]>
              </value>
            </param>
            <param index="14">
              <value>
                <![CDATA[NO]]>
              </value>
            </param>
            <param index="15">
              <value>
                <![CDATA[NO]]>
              </value>
            </param>
          </params>
          <reporter-output>
          </reporter-output>
        </test-method> <!-- createCaseProcedureSelectionFlowTest -->
        <test-method status="PASS" signature="createCaseProcedureSelectionFlowTest(java.lang.String, java.lang.String, java.lang.String, java.lang.String, java.lang.String, java.lang.String, java.lang.String, java.lang.String, java.lang.String, java.lang.String, java.lang.String, java.lang.String, java.lang.String, java.lang.String, java.lang.String, java.lang.String)[pri:3, instance:com.ort.qa.testcases.CreateCaseFlowPageTest@204f30ec]" name="createCaseProcedureSelectionFlowTest" duration-ms="59650" started-at="2021-06-22T12:26:17Z" data-provider="ProcedureSelectionFlow" finished-at="2021-06-22T12:27:17Z">
          <params>
            <param index="0">
              <value>
                <![CDATA[Active]]>
              </value>
            </param>
            <param index="1">
              <value>
                <![CDATA[Sharma]]>
              </value>
            </param>
            <param index="2">
              <value>
                <![CDATA[Vikas]]>
              </value>
            </param>
            <param index="3">
              <value>
                <![CDATA[646464]]>
              </value>
            </param>
            <param index="4">
              <value>
                <![CDATA[Christiana 44_Test ]]>
              </value>
            </param>
            <param index="5">
              <value>
                <![CDATA[Urgent (Up to 8hrs.) ]]>
              </value>
            </param>
            <param index="6">
              <value>
                <![CDATA[No]]>
              </value>
            </param>
            <param index="7">
              <value>
                <![CDATA[Trauma]]>
              </value>
            </param>
            <param index="8">
              <value>
                <![CDATA[IM Nail Hip / InterTroch / CMN Hip(27245)]]>
              </value>
            </param>
            <param index="9">
              <value>
                <![CDATA[3,4,3,2]]>
              </value>
            </param>
            <param index="10">
              <value>
                <![CDATA[N/A]]>
              </value>
            </param>
            <param index="11">
              <value>
                <![CDATA[NO]]>
              </value>
            </param>
            <param index="12">
              <value>
                <![CDATA[Right]]>
              </value>
            </param>
            <param index="13">
              <value>
                <![CDATA[Prone]]>
              </value>
            </param>
            <param index="14">
              <value>
                <![CDATA[NO]]>
              </value>
            </param>
            <param index="15">
              <value>
                <![CDATA[NO]]>
              </value>
            </param>
          </params>
          <reporter-output>
          </reporter-output>
        </test-method> <!-- createCaseProcedureSelectionFlowTest -->
        <test-method status="PASS" signature="clickOnSearchCasesLink()[pri:4, instance:com.ort.qa.testcases.CreateCaseFlowPageTest@204f30ec]" name="clickOnSearchCasesLink" duration-ms="76" started-at="2021-06-22T12:27:17Z" finished-at="2021-06-22T12:27:17Z">
          <reporter-output>
          </reporter-output>
        </test-method> <!-- clickOnSearchCasesLink -->
        <test-method status="PASS" signature="userSearchCases(java.lang.String, java.lang.String, java.lang.String, java.lang.String, java.lang.String, java.lang.String)[pri:5, instance:com.ort.qa.testcases.CreateCaseFlowPageTest@204f30ec]" name="userSearchCases" duration-ms="16874" started-at="2021-06-22T12:27:17Z" data-provider="OpenCases" finished-at="2021-06-22T12:27:34Z">
          <params>
            <param index="0">
              <value>
                <![CDATA[Active]]>
              </value>
            </param>
            <param index="1">
              <value>
                <![CDATA[Sharma]]>
              </value>
            </param>
            <param index="2">
              <value>
                <![CDATA[Vikash]]>
              </value>
            </param>
            <param index="3">
              <value>
                <![CDATA[646464]]>
              </value>
            </param>
            <param index="4">
              <value>
                <![CDATA[Trauma]]>
              </value>
            </param>
            <param index="5">
              <value>
                <![CDATA[90]]>
              </value>
            </param>
          </params>
          <reporter-output>
          </reporter-output>
        </test-method> <!-- userSearchCases -->
        <test-method status="PASS" signature="clickOnOpenCases()[pri:6, instance:com.ort.qa.testcases.CreateCaseFlowPageTest@204f30ec]" name="clickOnOpenCases" duration-ms="112" started-at="2021-06-22T12:27:34Z" finished-at="2021-06-22T12:27:34Z">
          <reporter-output>
          </reporter-output>
        </test-method> <!-- clickOnOpenCases -->
        <test-method status="PASS" signature="openCases(java.lang.String, java.lang.String, java.lang.String, java.lang.String, java.lang.String, java.lang.String)[pri:7, instance:com.ort.qa.testcases.CreateCaseFlowPageTest@204f30ec]" name="openCases" duration-ms="16860" started-at="2021-06-22T12:27:34Z" data-provider="OpenCases" finished-at="2021-06-22T12:27:51Z">
          <params>
            <param index="0">
              <value>
                <![CDATA[Active]]>
              </value>
            </param>
            <param index="1">
              <value>
                <![CDATA[Sharma]]>
              </value>
            </param>
            <param index="2">
              <value>
                <![CDATA[Vikash]]>
              </value>
            </param>
            <param index="3">
              <value>
                <![CDATA[646464]]>
              </value>
            </param>
            <param index="4">
              <value>
                <![CDATA[Trauma]]>
              </value>
            </param>
            <param index="5">
              <value>
                <![CDATA[90]]>
              </value>
            </param>
          </params>
          <reporter-output>
          </reporter-output>
        </test-method> <!-- openCases -->
      </class> <!-- com.ort.qa.testcases.CreateCaseFlowPageTest -->
    </test> <!-- Default test -->
  </suite> <!-- Default suite -->
</testng-results>
