<?xml version="1.0" encoding="UTF-8"?>
<testng-results skipped="0" failed="1" ignored="0" total="1" passed="0">
  <reporter-output>
  </reporter-output>
  <suite name="Default suite" duration-ms="99343" started-at="2021-05-24T09:58:10Z" finished-at="2021-05-24T09:59:50Z">
    <groups>
    </groups>
    <test name="Default test" duration-ms="99343" started-at="2021-05-24T09:58:10Z" finished-at="2021-05-24T09:59:50Z">
      <class name="com.ort.qa.testcases.CreateCaseBasicCaseDetailTestClass">
        <test-method status="PASS" signature="setUp()[pri:0, instance:com.ort.qa.testcases.CreateCaseBasicCaseDetailTestClass@4dfa3a9d]" name="setUp" is-config="true" duration-ms="15117" started-at="2021-05-24T09:58:11Z" finished-at="2021-05-24T09:58:26Z">
          <reporter-output>
          </reporter-output>
        </test-method> <!-- setUp -->
        <test-method status="FAIL" signature="createCaseFindPatientPageTest(java.lang.String, java.lang.String, java.lang.String)[pri:1, instance:com.ort.qa.testcases.CreateCaseBasicCaseDetailTestClass@4dfa3a9d]" name="createCaseFindPatientPageTest" duration-ms="83705" started-at="2021-05-24T09:58:26Z" data-provider="PatientData" finished-at="2021-05-24T09:59:50Z">
          <params>
            <param index="0">
              <value>
                <![CDATA[Sharma]]>
              </value>
            </param>
            <param index="1">
              <value>
                <![CDATA[Vikas]]>
              </value>
            </param>
            <param index="2">
              <value>
                <![CDATA[646464]]>
              </value>
            </param>
          </params>
          <exception class="org.openqa.selenium.NoSuchElementException">
            <message>
              <![CDATA[Cannot locate element with text:  Critical (Up to 1hr.)
For documentation on this error, please visit: https://www.seleniumhq.org/exceptions/no_such_element.html
Build info: version: '3.141.59', revision: 'e82be7d358', time: '2018-11-14T08:25:48'
System info: host: 'DESKTOP-B8QHPPA', ip: '192.168.1.104', os.name: 'Windows 10', os.arch: 'amd64', os.version: '10.0', java.version: '1.8.0_281'
Driver info: driver.version: unknown]]>
            </message>
            <full-stacktrace>
              <![CDATA[org.openqa.selenium.NoSuchElementException: Cannot locate element with text:  Critical (Up to 1hr.)
For documentation on this error, please visit: https://www.seleniumhq.org/exceptions/no_such_element.html
Build info: version: '3.141.59', revision: 'e82be7d358', time: '2018-11-14T08:25:48'
System info: host: 'DESKTOP-B8QHPPA', ip: '192.168.1.104', os.name: 'Windows 10', os.arch: 'amd64', os.version: '10.0', java.version: '1.8.0_281'
Driver info: driver.version: unknown
at org.openqa.selenium.support.ui.Select.selectByVisibleText(Select.java:147)
at com.ort.qa.util.DropDownHandler.SelectUsingVisibleText(DropDownHandler.java:34)
at com.ort.qa.pages.CreateCaseBasicDetailsPage.clickOnPatientUrgencyDropDown(CreateCaseBasicDetailsPage.java:209)
at com.ort.qa.testcases.CreateCaseBasicCaseDetailTestClass.createCaseFindPatientPageTest(CreateCaseBasicCaseDetailTestClass.java:56)
at sun.reflect.NativeMethodAccessorImpl.invoke0(Native Method)
at sun.reflect.NativeMethodAccessorImpl.invoke(NativeMethodAccessorImpl.java:62)
at sun.reflect.DelegatingMethodAccessorImpl.invoke(DelegatingMethodAccessorImpl.java:43)
at java.lang.reflect.Method.invoke(Method.java:498)
at org.testng.internal.MethodInvocationHelper.invokeMethod(MethodInvocationHelper.java:124)
at org.testng.internal.Invoker.invokeMethod(Invoker.java:583)
at org.testng.internal.Invoker.invokeTestMethod(Invoker.java:719)
at org.testng.internal.Invoker.invokeTestMethods(Invoker.java:989)
at org.testng.internal.TestMethodWorker.invokeTestMethods(TestMethodWorker.java:125)
at org.testng.internal.TestMethodWorker.run(TestMethodWorker.java:109)
at org.testng.TestRunner.privateRun(TestRunner.java:648)
at org.testng.TestRunner.run(TestRunner.java:505)
at org.testng.SuiteRunner.runTest(SuiteRunner.java:455)
at org.testng.SuiteRunner.runSequentially(SuiteRunner.java:450)
at org.testng.SuiteRunner.privateRun(SuiteRunner.java:415)
at org.testng.SuiteRunner.run(SuiteRunner.java:364)
at org.testng.SuiteRunnerWorker.runSuite(SuiteRunnerWorker.java:52)
at org.testng.SuiteRunnerWorker.run(SuiteRunnerWorker.java:84)
at org.testng.TestNG.runSuitesSequentially(TestNG.java:1208)
at org.testng.TestNG.runSuitesLocally(TestNG.java:1137)
at org.testng.TestNG.runSuites(TestNG.java:1049)
at org.testng.TestNG.run(TestNG.java:1017)
at org.testng.remote.AbstractRemoteTestNG.run(AbstractRemoteTestNG.java:115)
at org.testng.remote.RemoteTestNG.initAndRun(RemoteTestNG.java:251)
at org.testng.remote.RemoteTestNG.main(RemoteTestNG.java:77)
]]>
            </full-stacktrace>
          </exception> <!-- org.openqa.selenium.NoSuchElementException -->
          <reporter-output>
          </reporter-output>
        </test-method> <!-- createCaseFindPatientPageTest -->
      </class> <!-- com.ort.qa.testcases.CreateCaseBasicCaseDetailTestClass -->
    </test> <!-- Default test -->
  </suite> <!-- Default suite -->
</testng-results>
