<?xml version="1.0" encoding="UTF-8"?>
<testng-results skipped="0" failed="0" ignored="0" total="3" passed="3">
  <reporter-output>
  </reporter-output>
  <suite name="Default suite" duration-ms="148656" started-at="2021-06-15T11:27:36Z" finished-at="2021-06-15T11:30:05Z">
    <groups>
    </groups>
    <test name="Default test" duration-ms="148656" started-at="2021-06-15T11:27:36Z" finished-at="2021-06-15T11:30:05Z">
      <class name="com.ort.qa.testcases.SearchCaseFlowPageTest">
        <test-method status="PASS" signature="setUp()[pri:0, instance:com.ort.qa.testcases.SearchCaseFlowPageTest@204f30ec]" name="setUp" is-config="true" duration-ms="11526" started-at="2021-06-15T11:27:37Z" finished-at="2021-06-15T11:27:49Z">
          <reporter-output>
          </reporter-output>
        </test-method> <!-- setUp -->
        <test-method status="PASS" signature="SearchCasesTest(java.lang.String, java.lang.String, java.lang.String, java.lang.String, java.lang.String, java.lang.String, java.lang.String, java.lang.String)[pri:1, instance:com.ort.qa.testcases.SearchCaseFlowPageTest@204f30ec]" name="SearchCasesTest" duration-ms="39816" started-at="2021-06-15T11:27:49Z" data-provider="SearchCaseFlow" finished-at="2021-06-15T11:28:28Z">
          <params>
            <param index="0">
              <value>
                <![CDATA[Christiana_nurse@mailinator.com]]>
              </value>
            </param>
            <param index="1">
              <value>
                <![CDATA[ORT@33221]]>
              </value>
            </param>
            <param index="2">
              <value>
                <![CDATA[Wilmington, DE, 19899 , Wilmington, Delaware, 19899]]>
              </value>
            </param>
            <param index="3">
              <value>
                <![CDATA[sharma]]>
              </value>
            </param>
            <param index="4">
              <value>
                <![CDATA[vikas]]>
              </value>
            </param>
            <param index="5">
              <value>
                <![CDATA[646464]]>
              </value>
            </param>
            <param index="6">
              <value>
                <![CDATA[Trauma]]>
              </value>
            </param>
            <param index="7">
              <value>
                <![CDATA[510]]>
              </value>
            </param>
          </params>
          <reporter-output>
          </reporter-output>
        </test-method> <!-- SearchCasesTest -->
        <test-method status="PASS" signature="setUp()[pri:0, instance:com.ort.qa.testcases.SearchCaseFlowPageTest@204f30ec]" name="setUp" is-config="true" duration-ms="10878" started-at="2021-06-15T11:28:28Z" finished-at="2021-06-15T11:28:39Z">
          <reporter-output>
          </reporter-output>
        </test-method> <!-- setUp -->
        <test-method status="PASS" signature="SearchCasesTest(java.lang.String, java.lang.String, java.lang.String, java.lang.String, java.lang.String, java.lang.String, java.lang.String, java.lang.String)[pri:1, instance:com.ort.qa.testcases.SearchCaseFlowPageTest@204f30ec]" name="SearchCasesTest" duration-ms="37595" started-at="2021-06-15T11:28:39Z" data-provider="SearchCaseFlow" finished-at="2021-06-15T11:29:17Z">
          <params>
            <param index="0">
              <value>
                <![CDATA[christiana_spd@mailinator.com]]>
              </value>
            </param>
            <param index="1">
              <value>
                <![CDATA[ORT@33221]]>
              </value>
            </param>
            <param index="2">
              <value>
                <![CDATA[Wilmington, DE, 19899 , Wilmington, Delaware, 19899]]>
              </value>
            </param>
            <param index="3">
              <value>
                <![CDATA[sharma]]>
              </value>
            </param>
            <param index="4">
              <value>
                <![CDATA[vikas]]>
              </value>
            </param>
            <param index="5">
              <value>
                <![CDATA[646464]]>
              </value>
            </param>
            <param index="6">
              <value>
                <![CDATA[Trauma]]>
              </value>
            </param>
            <param index="7">
              <value>
                <![CDATA[20]]>
              </value>
            </param>
          </params>
          <reporter-output>
          </reporter-output>
        </test-method> <!-- SearchCasesTest -->
        <test-method status="PASS" signature="setUp()[pri:0, instance:com.ort.qa.testcases.SearchCaseFlowPageTest@204f30ec]" name="setUp" is-config="true" duration-ms="11527" started-at="2021-06-15T11:29:17Z" finished-at="2021-06-15T11:29:28Z">
          <reporter-output>
          </reporter-output>
        </test-method> <!-- setUp -->
        <test-method status="PASS" signature="SearchCasesTest(java.lang.String, java.lang.String, java.lang.String, java.lang.String, java.lang.String, java.lang.String, java.lang.String, java.lang.String)[pri:1, instance:com.ort.qa.testcases.SearchCaseFlowPageTest@204f30ec]" name="SearchCasesTest" duration-ms="36644" started-at="2021-06-15T11:29:28Z" data-provider="SearchCaseFlow" finished-at="2021-06-15T11:30:05Z">
          <params>
            <param index="0">
              <value>
                <![CDATA[christiana_hcp@mailinator.com]]>
              </value>
            </param>
            <param index="1">
              <value>
                <![CDATA[ORT@33221]]>
              </value>
            </param>
            <param index="2">
              <value>
                <![CDATA[Wilmington, DE, 19899 , Wilmington, Delaware, 19899]]>
              </value>
            </param>
            <param index="3">
              <value>
                <![CDATA[sharma]]>
              </value>
            </param>
            <param index="4">
              <value>
                <![CDATA[vikas]]>
              </value>
            </param>
            <param index="5">
              <value>
                <![CDATA[646464]]>
              </value>
            </param>
            <param index="6">
              <value>
                <![CDATA[Trauma]]>
              </value>
            </param>
            <param index="7">
              <value>
                <![CDATA[54]]>
              </value>
            </param>
          </params>
          <reporter-output>
          </reporter-output>
        </test-method> <!-- SearchCasesTest -->
      </class> <!-- com.ort.qa.testcases.SearchCaseFlowPageTest -->
    </test> <!-- Default test -->
  </suite> <!-- Default suite -->
</testng-results>
