<?xml version="1.0" encoding="UTF-8"?>
<testng-results skipped="0" failed="0" ignored="0" total="1" passed="1">
  <reporter-output>
  </reporter-output>
  <suite name="Default suite" duration-ms="37026" started-at="2021-05-24T12:36:08Z" finished-at="2021-05-24T12:36:45Z">
    <groups>
    </groups>
    <test name="Default test" duration-ms="37026" started-at="2021-05-24T12:36:08Z" finished-at="2021-05-24T12:36:45Z">
      <class name="com.ort.qa.testcases.CreateCaseFindPatientPageTest">
        <test-method status="PASS" signature="setUp()[pri:0, instance:com.ort.qa.testcases.CreateCaseFindPatientPageTest@4dfa3a9d]" name="setUp" is-config="true" duration-ms="18754" started-at="2021-05-24T12:36:08Z" finished-at="2021-05-24T12:36:27Z">
          <reporter-output>
          </reporter-output>
        </test-method> <!-- setUp -->
        <test-method status="PASS" signature="createCaseFindPatientPageTest(java.lang.String, java.lang.String, java.lang.String)[pri:3, instance:com.ort.qa.testcases.CreateCaseFindPatientPageTest@4dfa3a9d]" name="createCaseFindPatientPageTest" duration-ms="17631" started-at="2021-05-24T12:36:27Z" data-provider="PatientData" finished-at="2021-05-24T12:36:45Z">
          <params>
            <param index="0">
              <value>
                <![CDATA[Sharma]]>
              </value>
            </param>
            <param index="1">
              <value>
                <![CDATA[Vikas]]>
              </value>
            </param>
            <param index="2">
              <value>
                <![CDATA[646464]]>
              </value>
            </param>
          </params>
          <reporter-output>
          </reporter-output>
        </test-method> <!-- createCaseFindPatientPageTest -->
      </class> <!-- com.ort.qa.testcases.CreateCaseFindPatientPageTest -->
    </test> <!-- Default test -->
  </suite> <!-- Default suite -->
</testng-results>
