<?xml version="1.0" encoding="UTF-8"?>
<testng-results skipped="0" failed="0" ignored="0" total="2" passed="2">
  <reporter-output>
  </reporter-output>
  <suite name="Default suite" duration-ms="55286" started-at="2021-06-24T12:52:27Z" finished-at="2021-06-24T12:53:23Z">
    <groups>
    </groups>
    <test name="Default test" duration-ms="55286" started-at="2021-06-24T12:52:27Z" finished-at="2021-06-24T12:53:23Z">
      <class name="com.ort.qa.testcases.CartReviewPageTest">
        <test-method status="PASS" signature="setUp()[pri:0, instance:com.ort.qa.testcases.CartReviewPageTest@204f30ec]" name="setUp" is-config="true" duration-ms="24671" started-at="2021-06-24T12:52:27Z" finished-at="2021-06-24T12:52:52Z">
          <reporter-output>
          </reporter-output>
        </test-method> <!-- setUp -->
        <test-method status="PASS" signature="openCases(java.lang.String, java.lang.String, java.lang.String, java.lang.String, java.lang.String, java.lang.String)[pri:1, instance:com.ort.qa.testcases.CartReviewPageTest@204f30ec]" name="openCases" duration-ms="14883" started-at="2021-06-24T12:52:53Z" data-provider="OpenCases" finished-at="2021-06-24T12:53:08Z">
          <params>
            <param index="0">
              <value>
                <![CDATA[Active]]>
              </value>
            </param>
            <param index="1">
              <value>
                <![CDATA[Sharma]]>
              </value>
            </param>
            <param index="2">
              <value>
                <![CDATA[Vikash]]>
              </value>
            </param>
            <param index="3">
              <value>
                <![CDATA[646464]]>
              </value>
            </param>
            <param index="4">
              <value>
                <![CDATA[Trauma]]>
              </value>
            </param>
            <param index="5">
              <value>
                <![CDATA[90]]>
              </value>
            </param>
          </params>
          <reporter-output>
          </reporter-output>
        </test-method> <!-- openCases -->
        <test-method status="PASS" signature="openCases(java.lang.String, java.lang.String, java.lang.String, java.lang.String, java.lang.String, java.lang.String)[pri:1, instance:com.ort.qa.testcases.CartReviewPageTest@204f30ec]" name="openCases" duration-ms="14776" started-at="2021-06-24T12:53:08Z" data-provider="OpenCases" finished-at="2021-06-24T12:53:23Z">
          <params>
            <param index="0">
              <value>
                <![CDATA[Active]]>
              </value>
            </param>
            <param index="1">
              <value>
                <![CDATA[Sharma]]>
              </value>
            </param>
            <param index="2">
              <value>
                <![CDATA[V]]>
              </value>
            </param>
            <param index="3">
              <value>
                <![CDATA[646464]]>
              </value>
            </param>
            <param index="4">
              <value>
                <![CDATA[Trauma]]>
              </value>
            </param>
            <param index="5">
              <value>
                <![CDATA[190]]>
              </value>
            </param>
          </params>
          <reporter-output>
          </reporter-output>
        </test-method> <!-- openCases -->
      </class> <!-- com.ort.qa.testcases.CartReviewPageTest -->
    </test> <!-- Default test -->
  </suite> <!-- Default suite -->
</testng-results>
