<?xml version="1.0" encoding="UTF-8"?>
<testng-results skipped="0" failed="0" ignored="5" total="6" passed="1">
  <reporter-output>
  </reporter-output>
  <suite name="Default suite" duration-ms="37276" started-at="2021-05-26T19:53:18 IST" finished-at="2021-05-26T19:53:55 IST">
    <groups>
    </groups>
    <test name="Default test" duration-ms="37276" started-at="2021-05-26T19:53:18 IST" finished-at="2021-05-26T19:53:55 IST">
      <class name="com.ort.qa.testcases.SearchPatientPageTest">
        <test-method status="PASS" signature="setUp()[pri:0, instance:com.ort.qa.testcases.SearchPatientPageTest@17579e0f]" name="setUp" is-config="true" duration-ms="23597" started-at="2021-05-26T19:53:18 IST" finished-at="2021-05-26T19:53:41 IST">
          <reporter-output>
          </reporter-output>
        </test-method> <!-- setUp -->
        <test-method status="PASS" signature="searchPatient1()[pri:2, instance:com.ort.qa.testcases.SearchPatientPageTest@17579e0f]" name="searchPatient1" duration-ms="9826" started-at="2021-05-26T19:53:41 IST" finished-at="2021-05-26T19:53:51 IST">
          <reporter-output>
          </reporter-output>
        </test-method> <!-- searchPatient1 -->
        <test-method status="PASS" signature="tearDown()[pri:0, instance:com.ort.qa.testcases.SearchPatientPageTest@17579e0f]" name="tearDown" is-config="true" duration-ms="3805" started-at="2021-05-26T19:53:51 IST" finished-at="2021-05-26T19:53:55 IST">
          <reporter-output>
          </reporter-output>
        </test-method> <!-- tearDown -->
      </class> <!-- com.ort.qa.testcases.SearchPatientPageTest -->
    </test> <!-- Default test -->
  </suite> <!-- Default suite -->
</testng-results>
