<?xml version="1.0" encoding="UTF-8"?>
<testng-results skipped="0" failed="0" ignored="0" total="1" passed="1">
  <reporter-output>
  </reporter-output>
  <suite name="Default suite" duration-ms="20188" started-at="2021-05-17T16:58:08 IST" finished-at="2021-05-17T16:58:28 IST">
    <groups>
    </groups>
    <test name="Default test" duration-ms="20188" started-at="2021-05-17T16:58:08 IST" finished-at="2021-05-17T16:58:28 IST">
      <class name="com.ort.qa.testcases.SelectFacilityPageTest">
        <test-method status="PASS" signature="setUp()[pri:0, instance:com.ort.qa.testcases.SelectFacilityPageTest@4d41cee]" name="setUp" is-config="true" duration-ms="16846" started-at="2021-05-17T16:58:08 IST" finished-at="2021-05-17T16:58:25 IST">
          <reporter-output>
          </reporter-output>
        </test-method> <!-- setUp -->
        <test-method status="PASS" signature="selectFacilityPage()[pri:1, instance:com.ort.qa.testcases.SelectFacilityPageTest@4d41cee]" name="selectFacilityPage" duration-ms="3300" started-at="2021-05-17T16:58:25 IST" finished-at="2021-05-17T16:58:28 IST">
          <reporter-output>
          </reporter-output>
        </test-method> <!-- selectFacilityPage -->
      </class> <!-- com.ort.qa.testcases.SelectFacilityPageTest -->
    </test> <!-- Default test -->
  </suite> <!-- Default suite -->
</testng-results>
