<?xml version="1.0" encoding="UTF-8"?>
<testng-results skipped="0" failed="0" ignored="7" total="11" passed="4">
  <reporter-output>
  </reporter-output>
  <suite name="Default suite" duration-ms="285559" started-at="2021-06-11T09:49:15Z" finished-at="2021-06-11T09:54:01Z">
    <groups>
    </groups>
    <test name="Default test" duration-ms="285559" started-at="2021-06-11T09:49:15Z" finished-at="2021-06-11T09:54:01Z">
      <class name="com.ort.qa.testcases.CreateCaseFindPatientPageTest">
        <test-method status="PASS" signature="setUp()[pri:0, instance:com.ort.qa.testcases.CreateCaseFindPatientPageTest@754ba872]" name="setUp" is-config="true" duration-ms="23832" started-at="2021-06-11T09:49:16Z" finished-at="2021-06-11T09:49:40Z">
          <reporter-output>
          </reporter-output>
        </test-method> <!-- setUp -->
        <test-method status="PASS" signature="createCaseFindPatientLongFlowTest(java.lang.String, java.lang.String, java.lang.String, java.lang.String, java.lang.String, java.lang.String, java.lang.String, java.lang.String)[pri:2, instance:com.ort.qa.testcases.CreateCaseFindPatientPageTest@754ba872]" name="createCaseFindPatientLongFlowTest" duration-ms="46803" started-at="2021-06-11T09:49:40Z" data-provider="LongFlow" finished-at="2021-06-11T09:50:27Z">
          <params>
            <param index="0">
              <value>
                <![CDATA[Sharma]]>
              </value>
            </param>
            <param index="1">
              <value>
                <![CDATA[Vikas]]>
              </value>
            </param>
            <param index="2">
              <value>
                <![CDATA[646464]]>
              </value>
            </param>
            <param index="3">
              <value>
                <![CDATA[Christiana surgeon ]]>
              </value>
            </param>
            <param index="4">
              <value>
                <![CDATA[Critical (Up to 1hr.)]]>
              </value>
            </param>
            <param index="5">
              <value>
                <![CDATA[Yes]]>
              </value>
            </param>
            <param index="6">
              <value>
                <![CDATA[Trauma]]>
              </value>
            </param>
            <param index="7">
              <value>
                <![CDATA[Do not drink water one hour before Surgery]]>
              </value>
            </param>
          </params>
          <reporter-output>
          </reporter-output>
        </test-method> <!-- createCaseFindPatientLongFlowTest -->
        <test-method status="PASS" signature="tearDown()[pri:0, instance:com.ort.qa.testcases.CreateCaseFindPatientPageTest@754ba872]" name="tearDown" is-config="true" duration-ms="863" started-at="2021-06-11T09:50:27Z" finished-at="2021-06-11T09:50:28Z">
          <reporter-output>
          </reporter-output>
        </test-method> <!-- tearDown -->
        <test-method status="PASS" signature="setUp()[pri:0, instance:com.ort.qa.testcases.CreateCaseFindPatientPageTest@754ba872]" name="setUp" is-config="true" duration-ms="25613" started-at="2021-06-11T09:50:28Z" finished-at="2021-06-11T09:50:53Z">
          <reporter-output>
          </reporter-output>
        </test-method> <!-- setUp -->
        <test-method status="PASS" signature="createCaseFindPatientLongFlowTest(java.lang.String, java.lang.String, java.lang.String, java.lang.String, java.lang.String, java.lang.String, java.lang.String, java.lang.String)[pri:2, instance:com.ort.qa.testcases.CreateCaseFindPatientPageTest@754ba872]" name="createCaseFindPatientLongFlowTest" duration-ms="46744" started-at="2021-06-11T09:50:53Z" data-provider="LongFlow" finished-at="2021-06-11T09:51:40Z">
          <params>
            <param index="0">
              <value>
                <![CDATA[Sharma]]>
              </value>
            </param>
            <param index="1">
              <value>
                <![CDATA[V]]>
              </value>
            </param>
            <param index="2">
              <value>
                <![CDATA[646464]]>
              </value>
            </param>
            <param index="3">
              <value>
                <![CDATA[Christiana surgeon ]]>
              </value>
            </param>
            <param index="4">
              <value>
                <![CDATA[Normal (Up to 48hrs.) ]]>
              </value>
            </param>
            <param index="5">
              <value>
                <![CDATA[Yes]]>
              </value>
            </param>
            <param index="6">
              <value>
                <![CDATA[Trauma]]>
              </value>
            </param>
            <param index="7">
              <value>
                <![CDATA[Do not drink water one hour before Surgery]]>
              </value>
            </param>
          </params>
          <reporter-output>
          </reporter-output>
        </test-method> <!-- createCaseFindPatientLongFlowTest -->
        <test-method status="PASS" signature="tearDown()[pri:0, instance:com.ort.qa.testcases.CreateCaseFindPatientPageTest@754ba872]" name="tearDown" is-config="true" duration-ms="1015" started-at="2021-06-11T09:51:40Z" finished-at="2021-06-11T09:51:41Z">
          <reporter-output>
          </reporter-output>
        </test-method> <!-- tearDown -->
        <test-method status="PASS" signature="setUp()[pri:0, instance:com.ort.qa.testcases.CreateCaseFindPatientPageTest@754ba872]" name="setUp" is-config="true" duration-ms="24531" started-at="2021-06-11T09:51:41Z" finished-at="2021-06-11T09:52:06Z">
          <reporter-output>
          </reporter-output>
        </test-method> <!-- setUp -->
        <test-method status="PASS" signature="createCaseFindPatientLongFlowTest(java.lang.String, java.lang.String, java.lang.String, java.lang.String, java.lang.String, java.lang.String, java.lang.String, java.lang.String)[pri:2, instance:com.ort.qa.testcases.CreateCaseFindPatientPageTest@754ba872]" name="createCaseFindPatientLongFlowTest" duration-ms="46655" started-at="2021-06-11T09:52:06Z" data-provider="LongFlow" finished-at="2021-06-11T09:52:52Z">
          <params>
            <param index="0">
              <value>
                <![CDATA[S]]>
              </value>
            </param>
            <param index="1">
              <value>
                <![CDATA[V]]>
              </value>
            </param>
            <param index="2">
              <value>
                <![CDATA[646464]]>
              </value>
            </param>
            <param index="3">
              <value>
                <![CDATA[Christiana hcp]]>
              </value>
            </param>
            <param index="4">
              <value>
                <![CDATA[Normal (Up to 48hrs.) ]]>
              </value>
            </param>
            <param index="5">
              <value>
                <![CDATA[Yes]]>
              </value>
            </param>
            <param index="6">
              <value>
                <![CDATA[Trauma]]>
              </value>
            </param>
            <param index="7">
              <value>
                <![CDATA[Do not drink water one hour before Surgery]]>
              </value>
            </param>
          </params>
          <reporter-output>
          </reporter-output>
        </test-method> <!-- createCaseFindPatientLongFlowTest -->
        <test-method status="PASS" signature="tearDown()[pri:0, instance:com.ort.qa.testcases.CreateCaseFindPatientPageTest@754ba872]" name="tearDown" is-config="true" duration-ms="954" started-at="2021-06-11T09:52:52Z" finished-at="2021-06-11T09:52:53Z">
          <reporter-output>
          </reporter-output>
        </test-method> <!-- tearDown -->
        <test-method status="PASS" signature="setUp()[pri:0, instance:com.ort.qa.testcases.CreateCaseFindPatientPageTest@754ba872]" name="setUp" is-config="true" duration-ms="20229" started-at="2021-06-11T09:52:53Z" finished-at="2021-06-11T09:53:14Z">
          <reporter-output>
          </reporter-output>
        </test-method> <!-- setUp -->
        <test-method status="PASS" signature="createCaseFindPatientLongFlowTest(java.lang.String, java.lang.String, java.lang.String, java.lang.String, java.lang.String, java.lang.String, java.lang.String, java.lang.String)[pri:2, instance:com.ort.qa.testcases.CreateCaseFindPatientPageTest@754ba872]" name="createCaseFindPatientLongFlowTest" duration-ms="46565" started-at="2021-06-11T09:53:14Z" data-provider="LongFlow" finished-at="2021-06-11T09:54:00Z">
          <params>
            <param index="0">
              <value>
                <![CDATA[Sharma]]>
              </value>
            </param>
            <param index="1">
              <value>
                <![CDATA[Vikas]]>
              </value>
            </param>
            <param index="2">
              <value>
                <![CDATA[646464]]>
              </value>
            </param>
            <param index="3">
              <value>
                <![CDATA[Christiana 44_Test ]]>
              </value>
            </param>
            <param index="4">
              <value>
                <![CDATA[Urgent (Up to 8hrs.) ]]>
              </value>
            </param>
            <param index="5">
              <value>
                <![CDATA[No]]>
              </value>
            </param>
            <param index="6">
              <value>
                <![CDATA[Trauma]]>
              </value>
            </param>
            <param index="7">
              <value>
                <![CDATA[Do not drink water one hour before Surgery]]>
              </value>
            </param>
          </params>
          <reporter-output>
          </reporter-output>
        </test-method> <!-- createCaseFindPatientLongFlowTest -->
        <test-method status="PASS" signature="tearDown()[pri:0, instance:com.ort.qa.testcases.CreateCaseFindPatientPageTest@754ba872]" name="tearDown" is-config="true" duration-ms="821" started-at="2021-06-11T09:54:00Z" finished-at="2021-06-11T09:54:01Z">
          <reporter-output>
          </reporter-output>
        </test-method> <!-- tearDown -->
      </class> <!-- com.ort.qa.testcases.CreateCaseFindPatientPageTest -->
    </test> <!-- Default test -->
  </suite> <!-- Default suite -->
</testng-results>
