<?xml version="1.0" encoding="UTF-8"?>
<testng-results skipped="0" failed="0" ignored="3" total="4" passed="1">
  <reporter-output>
  </reporter-output>
  <suite name="Default suite" duration-ms="23480" started-at="2021-05-18T06:20:47Z" finished-at="2021-05-18T06:21:10Z">
    <groups>
    </groups>
    <test name="Default test" duration-ms="23480" started-at="2021-05-18T06:20:47Z" finished-at="2021-05-18T06:21:10Z">
      <class name="com.ort.qa.testcases.LoginPageTest">
        <test-method status="PASS" signature="initialization()[pri:0, instance:com.ort.qa.testcases.LoginPageTest@13deb50e]" name="initialization" is-config="true" duration-ms="7777" started-at="2021-05-18T06:20:47Z" finished-at="2021-05-18T06:20:54Z">
          <reporter-output>
          </reporter-output>
        </test-method> <!-- initialization -->
        <test-method status="PASS" signature="setUp()[pri:0, instance:com.ort.qa.testcases.LoginPageTest@13deb50e]" name="setUp" is-config="true" duration-ms="9799" started-at="2021-05-18T06:20:54Z" finished-at="2021-05-18T06:21:04Z">
          <reporter-output>
          </reporter-output>
        </test-method> <!-- setUp -->
        <test-method status="PASS" signature="loginTest()[pri:4, instance:com.ort.qa.testcases.LoginPageTest@13deb50e]" name="loginTest" duration-ms="5066" started-at="2021-05-18T06:21:04Z" finished-at="2021-05-18T06:21:09Z">
          <reporter-output>
          </reporter-output>
        </test-method> <!-- loginTest -->
        <test-method status="PASS" signature="tearDown()[pri:0, instance:com.ort.qa.testcases.LoginPageTest@13deb50e]" name="tearDown" is-config="true" duration-ms="798" started-at="2021-05-18T06:21:09Z" finished-at="2021-05-18T06:21:10Z">
          <reporter-output>
          </reporter-output>
        </test-method> <!-- tearDown -->
      </class> <!-- com.ort.qa.testcases.LoginPageTest -->
    </test> <!-- Default test -->
  </suite> <!-- Default suite -->
</testng-results>
