<?xml version="1.0" encoding="UTF-8"?>
<testng-results skipped="0" failed="0" ignored="0" total="1" passed="1">
  <reporter-output>
  </reporter-output>
  <suite name="Default suite" duration-ms="72656" started-at="2021-05-20T20:38:22 IST" finished-at="2021-05-20T20:39:35 IST">
    <groups>
    </groups>
    <test name="Default test" duration-ms="72656" started-at="2021-05-20T20:38:22 IST" finished-at="2021-05-20T20:39:35 IST">
      <class name="com.ort.qa.testcases.CreateCaseBasicDetailsTest">
        <test-method status="PASS" signature="Setup()[pri:0, instance:com.ort.qa.testcases.CreateCaseBasicDetailsTest@167fdd33]" name="Setup" is-config="true" duration-ms="10471" started-at="2021-05-20T20:38:23 IST" finished-at="2021-05-20T20:38:33 IST">
          <reporter-output>
          </reporter-output>
        </test-method> <!-- Setup -->
        <test-method status="PASS" signature="LoginTest()[pri:1, instance:com.ort.qa.testcases.CreateCaseBasicDetailsTest@167fdd33]" name="LoginTest" duration-ms="62129" started-at="2021-05-20T20:38:33 IST" finished-at="2021-05-20T20:39:35 IST">
          <reporter-output>
          </reporter-output>
        </test-method> <!-- LoginTest -->
      </class> <!-- com.ort.qa.testcases.CreateCaseBasicDetailsTest -->
    </test> <!-- Default test -->
  </suite> <!-- Default suite -->
</testng-results>
