<?xml version="1.0" encoding="UTF-8"?>
<testng-results skipped="0" failed="0" ignored="1" total="2" passed="1">
  <reporter-output>
  </reporter-output>
  <suite name="Default suite" duration-ms="28130" started-at="2021-05-18T11:00:35Z" finished-at="2021-05-18T11:01:03Z">
    <groups>
    </groups>
    <test name="Default test" duration-ms="28130" started-at="2021-05-18T11:00:35Z" finished-at="2021-05-18T11:01:03Z">
      <class name="com.ort.qa.testcases.NurseDashboardPageTest">
        <test-method status="PASS" signature="initialization()[pri:0, instance:com.ort.qa.testcases.NurseDashboardPageTest@464bee09]" name="initialization" is-config="true" duration-ms="8276" started-at="2021-05-18T11:00:35Z" finished-at="2021-05-18T11:00:43Z">
          <reporter-output>
          </reporter-output>
        </test-method> <!-- initialization -->
        <test-method status="PASS" signature="setUp()[pri:0, instance:com.ort.qa.testcases.NurseDashboardPageTest@464bee09]" name="setUp" is-config="true" duration-ms="14678" started-at="2021-05-18T11:00:43Z" finished-at="2021-05-18T11:00:58Z">
          <reporter-output>
          </reporter-output>
        </test-method> <!-- setUp -->
        <test-method status="PASS" signature="createCaseTest()[pri:2, instance:com.ort.qa.testcases.NurseDashboardPageTest@464bee09]" name="createCaseTest" duration-ms="5130" started-at="2021-05-18T11:00:58Z" finished-at="2021-05-18T11:01:03Z">
          <reporter-output>
          </reporter-output>
        </test-method> <!-- createCaseTest -->
      </class> <!-- com.ort.qa.testcases.NurseDashboardPageTest -->
    </test> <!-- Default test -->
  </suite> <!-- Default suite -->
</testng-results>
