<?xml version="1.0" encoding="UTF-8"?>
<testng-results skipped="0" failed="0" ignored="14" total="15" passed="1">
  <reporter-output>
  </reporter-output>
  <suite name="Default suite" duration-ms="22030" started-at="2021-06-04T04:53:58Z" finished-at="2021-06-04T04:54:20Z">
    <groups>
    </groups>
    <test name="Default test" duration-ms="22030" started-at="2021-06-04T04:53:58Z" finished-at="2021-06-04T04:54:20Z">
      <class name="com.ort.qa.testcases.HCPDashboardPageTest">
        <test-method status="PASS" signature="setUp()[pri:0, instance:com.ort.qa.testcases.HCPDashboardPageTest@6eebc39e]" name="setUp" is-config="true" duration-ms="20722" started-at="2021-06-04T04:53:58Z" finished-at="2021-06-04T04:54:19Z">
          <reporter-output>
          </reporter-output>
        </test-method> <!-- setUp -->
        <test-method status="PASS" signature="clickNurseSwitchLocationMenu()[pri:13, instance:com.ort.qa.testcases.HCPDashboardPageTest@6eebc39e]" name="clickNurseSwitchLocationMenu" duration-ms="321" started-at="2021-06-04T04:54:19Z" finished-at="2021-06-04T04:54:19Z">
          <reporter-output>
          </reporter-output>
        </test-method> <!-- clickNurseSwitchLocationMenu -->
        <test-method status="PASS" signature="tearDown()[pri:0, instance:com.ort.qa.testcases.HCPDashboardPageTest@6eebc39e]" name="tearDown" is-config="true" duration-ms="929" started-at="2021-06-04T04:54:19Z" finished-at="2021-06-04T04:54:20Z">
          <reporter-output>
          </reporter-output>
        </test-method> <!-- tearDown -->
      </class> <!-- com.ort.qa.testcases.HCPDashboardPageTest -->
    </test> <!-- Default test -->
  </suite> <!-- Default suite -->
</testng-results>
