<?xml version="1.0" encoding="UTF-8"?>
<testng-results skipped="0" failed="0" ignored="14" total="15" passed="1">
  <reporter-output>
  </reporter-output>
  <suite name="Default suite" duration-ms="30652" started-at="2021-05-21T18:18:17 IST" finished-at="2021-05-21T18:18:48 IST">
    <groups>
    </groups>
    <test name="Default test" duration-ms="30652" started-at="2021-05-21T18:18:17 IST" finished-at="2021-05-21T18:18:48 IST">
      <class name="com.ort.qa.testcases.SPDDashboardPageTest">
        <test-method status="PASS" signature="setUp()[pri:0, instance:com.ort.qa.testcases.SPDDashboardPageTest@3712b94]" name="setUp" is-config="true" duration-ms="22531" started-at="2021-05-21T18:18:17 IST" finished-at="2021-05-21T18:18:40 IST">
          <reporter-output>
          </reporter-output>
        </test-method> <!-- setUp -->
        <test-method status="PASS" signature="clickNurseSwitchLocationMenuSPD()[pri:13, instance:com.ort.qa.testcases.SPDDashboardPageTest@3712b94]" name="clickNurseSwitchLocationMenuSPD" duration-ms="4262" started-at="2021-05-21T18:18:40 IST" finished-at="2021-05-21T18:18:44 IST">
          <reporter-output>
          </reporter-output>
        </test-method> <!-- clickNurseSwitchLocationMenuSPD -->
        <test-method status="PASS" signature="tearDown()[pri:0, instance:com.ort.qa.testcases.SPDDashboardPageTest@3712b94]" name="tearDown" is-config="true" duration-ms="3799" started-at="2021-05-21T18:18:44 IST" finished-at="2021-05-21T18:18:48 IST">
          <reporter-output>
          </reporter-output>
        </test-method> <!-- tearDown -->
      </class> <!-- com.ort.qa.testcases.SPDDashboardPageTest -->
    </test> <!-- Default test -->
  </suite> <!-- Default suite -->
</testng-results>
