<?xml version="1.0" encoding="UTF-8"?>
<testng-results skipped="0" failed="0" ignored="0" total="1" passed="1">
  <reporter-output>
  </reporter-output>
  <suite name="Default suite" duration-ms="29536" started-at="2021-05-20T17:06:28 IST" finished-at="2021-05-20T17:06:57 IST">
    <groups>
    </groups>
    <test name="Default test" duration-ms="29536" started-at="2021-05-20T17:06:28 IST" finished-at="2021-05-20T17:06:57 IST">
      <class name="com.ort.qa.testcases.NurseDashboardClickCreateCaseDashboard">
        <test-method status="PASS" signature="setUp()[pri:0, instance:com.ort.qa.testcases.NurseDashboardClickCreateCaseDashboard@6acdbdf5]" name="setUp" is-config="true" duration-ms="21463" started-at="2021-05-20T17:06:28 IST" finished-at="2021-05-20T17:06:49 IST">
          <reporter-output>
          </reporter-output>
        </test-method> <!-- setUp -->
        <test-method status="PASS" signature="clickCreateCaseDashboard()[pri:1, instance:com.ort.qa.testcases.NurseDashboardClickCreateCaseDashboard@6acdbdf5]" name="clickCreateCaseDashboard" duration-ms="4102" started-at="2021-05-20T17:06:49 IST" finished-at="2021-05-20T17:06:53 IST">
          <reporter-output>
          </reporter-output>
        </test-method> <!-- clickCreateCaseDashboard -->
        <test-method status="PASS" signature="tearDown()[pri:0, instance:com.ort.qa.testcases.NurseDashboardClickCreateCaseDashboard@6acdbdf5]" name="tearDown" is-config="true" duration-ms="3877" started-at="2021-05-20T17:06:53 IST" finished-at="2021-05-20T17:06:57 IST">
          <reporter-output>
          </reporter-output>
        </test-method> <!-- tearDown -->
      </class> <!-- com.ort.qa.testcases.NurseDashboardClickCreateCaseDashboard -->
    </test> <!-- Default test -->
  </suite> <!-- Default suite -->
</testng-results>
