<?xml version="1.0" encoding="UTF-8"?>
<testng-results skipped="0" failed="0" ignored="0" total="13" passed="13">
  <reporter-output>
  </reporter-output>
  <suite name="Default suite" duration-ms="185917" started-at="2021-06-25T12:10:47Z" finished-at="2021-06-25T12:13:53Z">
    <groups>
    </groups>
    <test name="Default test" duration-ms="185917" started-at="2021-06-25T12:10:47Z" finished-at="2021-06-25T12:13:53Z">
      <class name="com.ort.qa.testcases.CreateCaseFlowPageTest">
        <test-method status="PASS" signature="setUp()[pri:0, instance:com.ort.qa.testcases.CreateCaseFlowPageTest@e25b2fe]" name="setUp" is-config="true" duration-ms="26458" started-at="2021-06-25T12:10:47Z" finished-at="2021-06-25T12:11:14Z">
          <reporter-output>
          </reporter-output>
        </test-method> <!-- setUp -->
        <test-method status="PASS" signature="createCaseFindPatientLongFlowTest(java.lang.String, java.lang.String, java.lang.String, java.lang.String, java.lang.String, java.lang.String, java.lang.String, java.lang.String, java.lang.String, java.lang.String, java.lang.String, java.lang.String, java.lang.String, java.lang.String, java.lang.String)[pri:1, instance:com.ort.qa.testcases.CreateCaseFlowPageTest@e25b2fe]" name="createCaseFindPatientLongFlowTest" duration-ms="57225" started-at="2021-06-25T12:11:15Z" data-provider="LongFlow" finished-at="2021-06-25T12:12:12Z">
          <params>
            <param index="0">
              <value>
                <![CDATA[Active]]>
              </value>
            </param>
            <param index="1">
              <value>
                <![CDATA[Sharma]]>
              </value>
            </param>
            <param index="2">
              <value>
                <![CDATA[Vikas]]>
              </value>
            </param>
            <param index="3">
              <value>
                <![CDATA[646464]]>
              </value>
            </param>
            <param index="4">
              <value>
                <![CDATA[Christiana surgeon ]]>
              </value>
            </param>
            <param index="5">
              <value>
                <![CDATA[Critical (Up to 1hr.)]]>
              </value>
            </param>
            <param index="6">
              <value>
                <![CDATA[Yes]]>
              </value>
            </param>
            <param index="7">
              <value>
                <![CDATA[Trauma]]>
              </value>
            </param>
            <param index="8">
              <value>
                <![CDATA[Do not drink water one hour before Surgery]]>
              </value>
            </param>
            <param index="9">
              <value>
                <![CDATA[Local]]>
              </value>
            </param>
            <param index="10">
              <value>
                <![CDATA[NO]]>
              </value>
            </param>
            <param index="11">
              <value>
                <![CDATA[Bilateral]]>
              </value>
            </param>
            <param index="12">
              <value>
                <![CDATA[Bleach Chair]]>
              </value>
            </param>
            <param index="13">
              <value>
                <![CDATA[No Comments]]>
              </value>
            </param>
            <param index="14">
              <value>
                <![CDATA[No Instructions]]>
              </value>
            </param>
          </params>
          <reporter-output>
          </reporter-output>
        </test-method> <!-- createCaseFindPatientLongFlowTest -->
        <test-method status="PASS" signature="clickOnSearchCasesLink()[pri:4, instance:com.ort.qa.testcases.CreateCaseFlowPageTest@e25b2fe]" name="clickOnSearchCasesLink" duration-ms="94" started-at="2021-06-25T12:12:12Z" finished-at="2021-06-25T12:12:12Z">
          <reporter-output>
          </reporter-output>
        </test-method> <!-- clickOnSearchCasesLink -->
        <test-method status="PASS" signature="userSearchCases(java.lang.String, java.lang.String, java.lang.String, java.lang.String, java.lang.String, java.lang.String)[pri:5, instance:com.ort.qa.testcases.CreateCaseFlowPageTest@e25b2fe]" name="userSearchCases" duration-ms="16939" started-at="2021-06-25T12:12:12Z" data-provider="OpenCases" finished-at="2021-06-25T12:12:29Z">
          <params>
            <param index="0">
              <value>
                <![CDATA[Active]]>
              </value>
            </param>
            <param index="1">
              <value>
                <![CDATA[Sharma]]>
              </value>
            </param>
            <param index="2">
              <value>
                <![CDATA[Vikash]]>
              </value>
            </param>
            <param index="3">
              <value>
                <![CDATA[646464]]>
              </value>
            </param>
            <param index="4">
              <value>
                <![CDATA[Trauma]]>
              </value>
            </param>
            <param index="5">
              <value>
                <![CDATA[619]]>
              </value>
            </param>
          </params>
          <reporter-output>
          </reporter-output>
        </test-method> <!-- userSearchCases -->
        <test-method status="PASS" signature="clickOnOpenCases()[pri:6, instance:com.ort.qa.testcases.CreateCaseFlowPageTest@e25b2fe]" name="clickOnOpenCases" duration-ms="93" started-at="2021-06-25T12:12:29Z" finished-at="2021-06-25T12:12:29Z">
          <reporter-output>
          </reporter-output>
        </test-method> <!-- clickOnOpenCases -->
        <test-method status="PASS" signature="clickOnCartReview()[pri:7, instance:com.ort.qa.testcases.CreateCaseFlowPageTest@e25b2fe]" name="clickOnCartReview" duration-ms="512" started-at="2021-06-25T12:12:29Z" finished-at="2021-06-25T12:12:30Z">
          <reporter-output>
          </reporter-output>
        </test-method> <!-- clickOnCartReview -->
        <test-method status="PASS" signature="openCases(java.lang.String, java.lang.String, java.lang.String, java.lang.String, java.lang.String, java.lang.String)[pri:7, instance:com.ort.qa.testcases.CreateCaseFlowPageTest@e25b2fe]" name="openCases" duration-ms="14792" started-at="2021-06-25T12:12:30Z" data-provider="OpenCases" finished-at="2021-06-25T12:12:44Z">
          <params>
            <param index="0">
              <value>
                <![CDATA[Active]]>
              </value>
            </param>
            <param index="1">
              <value>
                <![CDATA[Sharma]]>
              </value>
            </param>
            <param index="2">
              <value>
                <![CDATA[Vikash]]>
              </value>
            </param>
            <param index="3">
              <value>
                <![CDATA[646464]]>
              </value>
            </param>
            <param index="4">
              <value>
                <![CDATA[Trauma]]>
              </value>
            </param>
            <param index="5">
              <value>
                <![CDATA[619]]>
              </value>
            </param>
          </params>
          <reporter-output>
          </reporter-output>
        </test-method> <!-- openCases -->
        <test-method status="PASS" signature="cartReviewCases(java.lang.String, java.lang.String, java.lang.String, java.lang.String, java.lang.String, java.lang.String)[pri:8, instance:com.ort.qa.testcases.CreateCaseFlowPageTest@e25b2fe]" name="cartReviewCases" duration-ms="16880" started-at="2021-06-25T12:12:45Z" data-provider="OpenCases" finished-at="2021-06-25T12:13:02Z">
          <params>
            <param index="0">
              <value>
                <![CDATA[Active]]>
              </value>
            </param>
            <param index="1">
              <value>
                <![CDATA[Sharma]]>
              </value>
            </param>
            <param index="2">
              <value>
                <![CDATA[Vikash]]>
              </value>
            </param>
            <param index="3">
              <value>
                <![CDATA[646464]]>
              </value>
            </param>
            <param index="4">
              <value>
                <![CDATA[Trauma]]>
              </value>
            </param>
            <param index="5">
              <value>
                <![CDATA[619]]>
              </value>
            </param>
          </params>
          <reporter-output>
          </reporter-output>
        </test-method> <!-- cartReviewCases -->
        <test-method status="PASS" signature="clickOnORreadyLink()[pri:9, instance:com.ort.qa.testcases.CreateCaseFlowPageTest@e25b2fe]" name="clickOnORreadyLink" duration-ms="93" started-at="2021-06-25T12:13:02Z" finished-at="2021-06-25T12:13:02Z">
          <reporter-output>
          </reporter-output>
        </test-method> <!-- clickOnORreadyLink -->
        <test-method status="PASS" signature="oRreadyCases(java.lang.String, java.lang.String, java.lang.String, java.lang.String, java.lang.String, java.lang.String)[pri:10, instance:com.ort.qa.testcases.CreateCaseFlowPageTest@e25b2fe]" name="oRreadyCases" duration-ms="17016" started-at="2021-06-25T12:13:02Z" data-provider="OpenCases" finished-at="2021-06-25T12:13:19Z">
          <params>
            <param index="0">
              <value>
                <![CDATA[Active]]>
              </value>
            </param>
            <param index="1">
              <value>
                <![CDATA[Sharma]]>
              </value>
            </param>
            <param index="2">
              <value>
                <![CDATA[Vikash]]>
              </value>
            </param>
            <param index="3">
              <value>
                <![CDATA[646464]]>
              </value>
            </param>
            <param index="4">
              <value>
                <![CDATA[Trauma]]>
              </value>
            </param>
            <param index="5">
              <value>
                <![CDATA[619]]>
              </value>
            </param>
          </params>
          <reporter-output>
          </reporter-output>
        </test-method> <!-- oRreadyCases -->
        <test-method status="PASS" signature="clickOnInProgressLink()[pri:11, instance:com.ort.qa.testcases.CreateCaseFlowPageTest@e25b2fe]" name="clickOnInProgressLink" duration-ms="86" started-at="2021-06-25T12:13:19Z" finished-at="2021-06-25T12:13:19Z">
          <reporter-output>
          </reporter-output>
        </test-method> <!-- clickOnInProgressLink -->
        <test-method status="PASS" signature="inProgressCases(java.lang.String, java.lang.String, java.lang.String, java.lang.String, java.lang.String, java.lang.String)[pri:12, instance:com.ort.qa.testcases.CreateCaseFlowPageTest@e25b2fe]" name="inProgressCases" duration-ms="17040" started-at="2021-06-25T12:13:19Z" data-provider="OpenCases" finished-at="2021-06-25T12:13:36Z">
          <params>
            <param index="0">
              <value>
                <![CDATA[Active]]>
              </value>
            </param>
            <param index="1">
              <value>
                <![CDATA[Sharma]]>
              </value>
            </param>
            <param index="2">
              <value>
                <![CDATA[Vikash]]>
              </value>
            </param>
            <param index="3">
              <value>
                <![CDATA[646464]]>
              </value>
            </param>
            <param index="4">
              <value>
                <![CDATA[Trauma]]>
              </value>
            </param>
            <param index="5">
              <value>
                <![CDATA[619]]>
              </value>
            </param>
          </params>
          <reporter-output>
          </reporter-output>
        </test-method> <!-- inProgressCases -->
        <test-method status="PASS" signature="clickOnOnHoldLink()[pri:13, instance:com.ort.qa.testcases.CreateCaseFlowPageTest@e25b2fe]" name="clickOnOnHoldLink" duration-ms="161" started-at="2021-06-25T12:13:36Z" finished-at="2021-06-25T12:13:36Z">
          <reporter-output>
          </reporter-output>
        </test-method> <!-- clickOnOnHoldLink -->
        <test-method status="PASS" signature="onHoldCases(java.lang.String, java.lang.String, java.lang.String, java.lang.String, java.lang.String, java.lang.String)[pri:14, instance:com.ort.qa.testcases.CreateCaseFlowPageTest@e25b2fe]" name="onHoldCases" duration-ms="16994" started-at="2021-06-25T12:13:36Z" data-provider="OpenCases" finished-at="2021-06-25T12:13:53Z">
          <params>
            <param index="0">
              <value>
                <![CDATA[Active]]>
              </value>
            </param>
            <param index="1">
              <value>
                <![CDATA[Sharma]]>
              </value>
            </param>
            <param index="2">
              <value>
                <![CDATA[Vikash]]>
              </value>
            </param>
            <param index="3">
              <value>
                <![CDATA[646464]]>
              </value>
            </param>
            <param index="4">
              <value>
                <![CDATA[Trauma]]>
              </value>
            </param>
            <param index="5">
              <value>
                <![CDATA[619]]>
              </value>
            </param>
          </params>
          <reporter-output>
          </reporter-output>
        </test-method> <!-- onHoldCases -->
      </class> <!-- com.ort.qa.testcases.CreateCaseFlowPageTest -->
    </test> <!-- Default test -->
  </suite> <!-- Default suite -->
</testng-results>
