<?xml version="1.0" encoding="UTF-8"?>
<testng-results skipped="0" failed="0" ignored="14" total="15" passed="1">
  <reporter-output>
  </reporter-output>
  <suite name="Default suite" duration-ms="30812" started-at="2021-05-21T14:45:04 IST" finished-at="2021-05-21T14:45:35 IST">
    <groups>
    </groups>
    <test name="Default test" duration-ms="30812" started-at="2021-05-21T14:45:04 IST" finished-at="2021-05-21T14:45:35 IST">
      <class name="com.ort.qa.testcases.HCPDashboardPageTest">
        <test-method status="PASS" signature="setUp()[pri:0, instance:com.ort.qa.testcases.HCPDashboardPageTest@3712b94]" name="setUp" is-config="true" duration-ms="26378" started-at="2021-05-21T14:45:04 IST" finished-at="2021-05-21T14:45:30 IST">
          <reporter-output>
          </reporter-output>
        </test-method> <!-- setUp -->
        <test-method status="PASS" signature="verifyDashboardPageTitleTest()[pri:1, instance:com.ort.qa.testcases.HCPDashboardPageTest@3712b94]" name="verifyDashboardPageTitleTest" duration-ms="35" started-at="2021-05-21T14:45:30 IST" finished-at="2021-05-21T14:45:30 IST">
          <reporter-output>
          </reporter-output>
        </test-method> <!-- verifyDashboardPageTitleTest -->
        <test-method status="PASS" signature="tearDown()[pri:0, instance:com.ort.qa.testcases.HCPDashboardPageTest@3712b94]" name="tearDown" is-config="true" duration-ms="4355" started-at="2021-05-21T14:45:30 IST" finished-at="2021-05-21T14:45:35 IST">
          <reporter-output>
          </reporter-output>
        </test-method> <!-- tearDown -->
      </class> <!-- com.ort.qa.testcases.HCPDashboardPageTest -->
    </test> <!-- Default test -->
  </suite> <!-- Default suite -->
</testng-results>
