<?xml version="1.0" encoding="UTF-8"?>
<testng-results skipped="0" failed="0" ignored="14" total="15" passed="1">
  <reporter-output>
  </reporter-output>
  <suite name="Default suite" duration-ms="30297" started-at="2021-06-03T11:25:39Z" finished-at="2021-06-03T11:26:10Z">
    <groups>
    </groups>
    <test name="Default test" duration-ms="30297" started-at="2021-06-03T11:25:39Z" finished-at="2021-06-03T11:26:10Z">
      <class name="com.ort.qa.testcases.HCPDashboardPageTest">
        <test-method status="PASS" signature="setUp()[pri:0, instance:com.ort.qa.testcases.HCPDashboardPageTest@6eebc39e]" name="setUp" is-config="true" duration-ms="25916" started-at="2021-06-03T11:25:39Z" finished-at="2021-06-03T11:26:05Z">
          <reporter-output>
          </reporter-output>
        </test-method> <!-- setUp -->
        <test-method status="PASS" signature="clickORtelligenceMenu()[pri:11, instance:com.ort.qa.testcases.HCPDashboardPageTest@6eebc39e]" name="clickORtelligenceMenu" duration-ms="115" started-at="2021-06-03T11:26:05Z" finished-at="2021-06-03T11:26:05Z">
          <reporter-output>
          </reporter-output>
        </test-method> <!-- clickORtelligenceMenu -->
        <test-method status="PASS" signature="tearDown()[pri:0, instance:com.ort.qa.testcases.HCPDashboardPageTest@6eebc39e]" name="tearDown" is-config="true" duration-ms="4227" started-at="2021-06-03T11:26:05Z" finished-at="2021-06-03T11:26:10Z">
          <reporter-output>
          </reporter-output>
        </test-method> <!-- tearDown -->
      </class> <!-- com.ort.qa.testcases.HCPDashboardPageTest -->
    </test> <!-- Default test -->
  </suite> <!-- Default suite -->
</testng-results>
