<?xml version="1.0" encoding="UTF-8"?>
<testng-results skipped="0" failed="0" ignored="7" total="11" passed="4">
  <reporter-output>
  </reporter-output>
  <suite name="Default suite" duration-ms="306597" started-at="2021-06-08T12:08:03Z" finished-at="2021-06-08T12:13:10Z">
    <groups>
    </groups>
    <test name="Default test" duration-ms="306597" started-at="2021-06-08T12:08:03Z" finished-at="2021-06-08T12:13:10Z">
      <class name="com.ort.qa.testcases.CreateCaseFindPatientPageTest">
        <test-method status="PASS" signature="setUp()[pri:0, instance:com.ort.qa.testcases.CreateCaseFindPatientPageTest@754ba872]" name="setUp" is-config="true" duration-ms="30194" started-at="2021-06-08T12:08:04Z" finished-at="2021-06-08T12:08:34Z">
          <reporter-output>
          </reporter-output>
        </test-method> <!-- setUp -->
        <test-method status="PASS" signature="createCaseFindPatientLongFlowTest(java.lang.String, java.lang.String, java.lang.String, java.lang.String, java.lang.String, java.lang.String, java.lang.String, java.lang.String)[pri:2, instance:com.ort.qa.testcases.CreateCaseFindPatientPageTest@754ba872]" name="createCaseFindPatientLongFlowTest" duration-ms="47402" started-at="2021-06-08T12:08:34Z" data-provider="LongFlow" finished-at="2021-06-08T12:09:22Z">
          <params>
            <param index="0">
              <value>
                <![CDATA[Sharma]]>
              </value>
            </param>
            <param index="1">
              <value>
                <![CDATA[Vikas]]>
              </value>
            </param>
            <param index="2">
              <value>
                <![CDATA[646464]]>
              </value>
            </param>
            <param index="3">
              <value>
                <![CDATA[Christiana surgeon ]]>
              </value>
            </param>
            <param index="4">
              <value>
                <![CDATA[Critical (Up to 1hr.)]]>
              </value>
            </param>
            <param index="5">
              <value>
                <![CDATA[Yes]]>
              </value>
            </param>
            <param index="6">
              <value>
                <![CDATA[Trauma]]>
              </value>
            </param>
            <param index="7">
              <value>
                <![CDATA[Do not drink water one hour before Surgery]]>
              </value>
            </param>
          </params>
          <reporter-output>
          </reporter-output>
        </test-method> <!-- createCaseFindPatientLongFlowTest -->
        <test-method status="PASS" signature="tearDown()[pri:0, instance:com.ort.qa.testcases.CreateCaseFindPatientPageTest@754ba872]" name="tearDown" is-config="true" duration-ms="1090" started-at="2021-06-08T12:09:22Z" finished-at="2021-06-08T12:09:23Z">
          <reporter-output>
          </reporter-output>
        </test-method> <!-- tearDown -->
        <test-method status="PASS" signature="setUp()[pri:0, instance:com.ort.qa.testcases.CreateCaseFindPatientPageTest@754ba872]" name="setUp" is-config="true" duration-ms="37662" started-at="2021-06-08T12:09:23Z" finished-at="2021-06-08T12:10:00Z">
          <reporter-output>
          </reporter-output>
        </test-method> <!-- setUp -->
        <test-method status="PASS" signature="createCaseFindPatientLongFlowTest(java.lang.String, java.lang.String, java.lang.String, java.lang.String, java.lang.String, java.lang.String, java.lang.String, java.lang.String)[pri:2, instance:com.ort.qa.testcases.CreateCaseFindPatientPageTest@754ba872]" name="createCaseFindPatientLongFlowTest" duration-ms="47644" started-at="2021-06-08T12:10:00Z" data-provider="LongFlow" finished-at="2021-06-08T12:10:48Z">
          <params>
            <param index="0">
              <value>
                <![CDATA[Sharma]]>
              </value>
            </param>
            <param index="1">
              <value>
                <![CDATA[V]]>
              </value>
            </param>
            <param index="2">
              <value>
                <![CDATA[646464]]>
              </value>
            </param>
            <param index="3">
              <value>
                <![CDATA[Christiana surgeon ]]>
              </value>
            </param>
            <param index="4">
              <value>
                <![CDATA[Normal (Up to 48hrs.) ]]>
              </value>
            </param>
            <param index="5">
              <value>
                <![CDATA[Yes]]>
              </value>
            </param>
            <param index="6">
              <value>
                <![CDATA[Trauma]]>
              </value>
            </param>
            <param index="7">
              <value>
                <![CDATA[Do not drink water one hour before Surgery]]>
              </value>
            </param>
          </params>
          <reporter-output>
          </reporter-output>
        </test-method> <!-- createCaseFindPatientLongFlowTest -->
        <test-method status="PASS" signature="tearDown()[pri:0, instance:com.ort.qa.testcases.CreateCaseFindPatientPageTest@754ba872]" name="tearDown" is-config="true" duration-ms="959" started-at="2021-06-08T12:10:48Z" finished-at="2021-06-08T12:10:49Z">
          <reporter-output>
          </reporter-output>
        </test-method> <!-- tearDown -->
        <test-method status="PASS" signature="setUp()[pri:0, instance:com.ort.qa.testcases.CreateCaseFindPatientPageTest@754ba872]" name="setUp" is-config="true" duration-ms="22426" started-at="2021-06-08T12:10:49Z" finished-at="2021-06-08T12:11:12Z">
          <reporter-output>
          </reporter-output>
        </test-method> <!-- setUp -->
        <test-method status="PASS" signature="createCaseFindPatientLongFlowTest(java.lang.String, java.lang.String, java.lang.String, java.lang.String, java.lang.String, java.lang.String, java.lang.String, java.lang.String)[pri:2, instance:com.ort.qa.testcases.CreateCaseFindPatientPageTest@754ba872]" name="createCaseFindPatientLongFlowTest" duration-ms="47465" started-at="2021-06-08T12:11:12Z" data-provider="LongFlow" finished-at="2021-06-08T12:11:59Z">
          <params>
            <param index="0">
              <value>
                <![CDATA[S]]>
              </value>
            </param>
            <param index="1">
              <value>
                <![CDATA[V]]>
              </value>
            </param>
            <param index="2">
              <value>
                <![CDATA[646464]]>
              </value>
            </param>
            <param index="3">
              <value>
                <![CDATA[Christiana hcp]]>
              </value>
            </param>
            <param index="4">
              <value>
                <![CDATA[Normal (Up to 48hrs.) ]]>
              </value>
            </param>
            <param index="5">
              <value>
                <![CDATA[Yes]]>
              </value>
            </param>
            <param index="6">
              <value>
                <![CDATA[Trauma]]>
              </value>
            </param>
            <param index="7">
              <value>
                <![CDATA[Do not drink water one hour before Surgery]]>
              </value>
            </param>
          </params>
          <reporter-output>
          </reporter-output>
        </test-method> <!-- createCaseFindPatientLongFlowTest -->
        <test-method status="PASS" signature="tearDown()[pri:0, instance:com.ort.qa.testcases.CreateCaseFindPatientPageTest@754ba872]" name="tearDown" is-config="true" duration-ms="872" started-at="2021-06-08T12:11:59Z" finished-at="2021-06-08T12:12:00Z">
          <reporter-output>
          </reporter-output>
        </test-method> <!-- tearDown -->
        <test-method status="PASS" signature="setUp()[pri:0, instance:com.ort.qa.testcases.CreateCaseFindPatientPageTest@754ba872]" name="setUp" is-config="true" duration-ms="22057" started-at="2021-06-08T12:12:00Z" finished-at="2021-06-08T12:12:22Z">
          <reporter-output>
          </reporter-output>
        </test-method> <!-- setUp -->
        <test-method status="PASS" signature="createCaseFindPatientLongFlowTest(java.lang.String, java.lang.String, java.lang.String, java.lang.String, java.lang.String, java.lang.String, java.lang.String, java.lang.String)[pri:2, instance:com.ort.qa.testcases.CreateCaseFindPatientPageTest@754ba872]" name="createCaseFindPatientLongFlowTest" duration-ms="47264" started-at="2021-06-08T12:12:22Z" data-provider="LongFlow" finished-at="2021-06-08T12:13:09Z">
          <params>
            <param index="0">
              <value>
                <![CDATA[Sharma]]>
              </value>
            </param>
            <param index="1">
              <value>
                <![CDATA[Vikas]]>
              </value>
            </param>
            <param index="2">
              <value>
                <![CDATA[646464]]>
              </value>
            </param>
            <param index="3">
              <value>
                <![CDATA[Christiana 44_Test ]]>
              </value>
            </param>
            <param index="4">
              <value>
                <![CDATA[Urgent (Up to 8hrs.) ]]>
              </value>
            </param>
            <param index="5">
              <value>
                <![CDATA[No]]>
              </value>
            </param>
            <param index="6">
              <value>
                <![CDATA[Trauma]]>
              </value>
            </param>
            <param index="7">
              <value>
                <![CDATA[Do not drink water one hour before Surgery]]>
              </value>
            </param>
          </params>
          <reporter-output>
          </reporter-output>
        </test-method> <!-- createCaseFindPatientLongFlowTest -->
        <test-method status="PASS" signature="tearDown()[pri:0, instance:com.ort.qa.testcases.CreateCaseFindPatientPageTest@754ba872]" name="tearDown" is-config="true" duration-ms="788" started-at="2021-06-08T12:13:09Z" finished-at="2021-06-08T12:13:10Z">
          <reporter-output>
          </reporter-output>
        </test-method> <!-- tearDown -->
      </class> <!-- com.ort.qa.testcases.CreateCaseFindPatientPageTest -->
    </test> <!-- Default test -->
  </suite> <!-- Default suite -->
</testng-results>
