<?xml version="1.0" encoding="UTF-8"?>
<testng-results skipped="0" failed="0" ignored="0" total="4" passed="4">
  <reporter-output>
  </reporter-output>
  <suite name="Default suite" duration-ms="310455" started-at="2021-06-14T06:45:28Z" finished-at="2021-06-14T06:50:38Z">
    <groups>
    </groups>
    <test name="Default test" duration-ms="310455" started-at="2021-06-14T06:45:28Z" finished-at="2021-06-14T06:50:38Z">
      <class name="com.ort.qa.testcases.CreateCaseProcedureSelectionFlowTest">
        <test-method status="PASS" signature="setUp()[pri:0, instance:com.ort.qa.testcases.CreateCaseProcedureSelectionFlowTest@204f30ec]" name="setUp" is-config="true" duration-ms="30204" started-at="2021-06-14T06:45:29Z" finished-at="2021-06-14T06:45:59Z">
          <reporter-output>
          </reporter-output>
        </test-method> <!-- setUp -->
        <test-method status="PASS" signature="createCaseProcedureSelectionFlowTest(java.lang.String, java.lang.String, java.lang.String, java.lang.String, java.lang.String, java.lang.String, java.lang.String, java.lang.String)[pri:1, instance:com.ort.qa.testcases.CreateCaseProcedureSelectionFlowTest@204f30ec]" name="createCaseProcedureSelectionFlowTest" duration-ms="48050" started-at="2021-06-14T06:45:59Z" data-provider="ProcedureSelectionFlow" finished-at="2021-06-14T06:46:47Z">
          <params>
            <param index="0">
              <value>
                <![CDATA[Sharma]]>
              </value>
            </param>
            <param index="1">
              <value>
                <![CDATA[Vikas]]>
              </value>
            </param>
            <param index="2">
              <value>
                <![CDATA[646464]]>
              </value>
            </param>
            <param index="3">
              <value>
                <![CDATA[Christiana surgeon ]]>
              </value>
            </param>
            <param index="4">
              <value>
                <![CDATA[Critical (Up to 1hr.)]]>
              </value>
            </param>
            <param index="5">
              <value>
                <![CDATA[Yes]]>
              </value>
            </param>
            <param index="6">
              <value>
                <![CDATA[Trauma]]>
              </value>
            </param>
            <param index="7">
              <value>
                <![CDATA[IM Nail Hip / InterTroch / CMN Hip (27245)]]>
              </value>
            </param>
          </params>
          <reporter-output>
          </reporter-output>
        </test-method> <!-- createCaseProcedureSelectionFlowTest -->
        <test-method status="PASS" signature="setUp()[pri:0, instance:com.ort.qa.testcases.CreateCaseProcedureSelectionFlowTest@204f30ec]" name="setUp" is-config="true" duration-ms="26023" started-at="2021-06-14T06:46:47Z" finished-at="2021-06-14T06:47:13Z">
          <reporter-output>
          </reporter-output>
        </test-method> <!-- setUp -->
        <test-method status="PASS" signature="createCaseProcedureSelectionFlowTest(java.lang.String, java.lang.String, java.lang.String, java.lang.String, java.lang.String, java.lang.String, java.lang.String, java.lang.String)[pri:1, instance:com.ort.qa.testcases.CreateCaseProcedureSelectionFlowTest@204f30ec]" name="createCaseProcedureSelectionFlowTest" duration-ms="58328" started-at="2021-06-14T06:47:13Z" data-provider="ProcedureSelectionFlow" finished-at="2021-06-14T06:48:11Z">
          <params>
            <param index="0">
              <value>
                <![CDATA[Sharma]]>
              </value>
            </param>
            <param index="1">
              <value>
                <![CDATA[V]]>
              </value>
            </param>
            <param index="2">
              <value>
                <![CDATA[646464]]>
              </value>
            </param>
            <param index="3">
              <value>
                <![CDATA[Christiana surgeon ]]>
              </value>
            </param>
            <param index="4">
              <value>
                <![CDATA[Normal (Up to 48hrs.) ]]>
              </value>
            </param>
            <param index="5">
              <value>
                <![CDATA[Yes]]>
              </value>
            </param>
            <param index="6">
              <value>
                <![CDATA[Trauma]]>
              </value>
            </param>
            <param index="7">
              <value>
                <![CDATA[ExFix Distal Femur/ Exfix Femoral Shaft(20692+27500)]]>
              </value>
            </param>
          </params>
          <reporter-output>
          </reporter-output>
        </test-method> <!-- createCaseProcedureSelectionFlowTest -->
        <test-method status="PASS" signature="setUp()[pri:0, instance:com.ort.qa.testcases.CreateCaseProcedureSelectionFlowTest@204f30ec]" name="setUp" is-config="true" duration-ms="25818" started-at="2021-06-14T06:48:11Z" finished-at="2021-06-14T06:48:37Z">
          <reporter-output>
          </reporter-output>
        </test-method> <!-- setUp -->
        <test-method status="PASS" signature="createCaseProcedureSelectionFlowTest(java.lang.String, java.lang.String, java.lang.String, java.lang.String, java.lang.String, java.lang.String, java.lang.String, java.lang.String)[pri:1, instance:com.ort.qa.testcases.CreateCaseProcedureSelectionFlowTest@204f30ec]" name="createCaseProcedureSelectionFlowTest" duration-ms="47398" started-at="2021-06-14T06:48:37Z" data-provider="ProcedureSelectionFlow" finished-at="2021-06-14T06:49:24Z">
          <params>
            <param index="0">
              <value>
                <![CDATA[S]]>
              </value>
            </param>
            <param index="1">
              <value>
                <![CDATA[V]]>
              </value>
            </param>
            <param index="2">
              <value>
                <![CDATA[646464]]>
              </value>
            </param>
            <param index="3">
              <value>
                <![CDATA[Christiana hcp]]>
              </value>
            </param>
            <param index="4">
              <value>
                <![CDATA[Normal (Up to 48hrs.) ]]>
              </value>
            </param>
            <param index="5">
              <value>
                <![CDATA[Yes]]>
              </value>
            </param>
            <param index="6">
              <value>
                <![CDATA[Trauma]]>
              </value>
            </param>
            <param index="7">
              <value>
                <![CDATA[IM Nail Hip / InterTroch / CMN Hip(27245)]]>
              </value>
            </param>
          </params>
          <reporter-output>
          </reporter-output>
        </test-method> <!-- createCaseProcedureSelectionFlowTest -->
        <test-method status="PASS" signature="setUp()[pri:0, instance:com.ort.qa.testcases.CreateCaseProcedureSelectionFlowTest@204f30ec]" name="setUp" is-config="true" duration-ms="25922" started-at="2021-06-14T06:49:24Z" finished-at="2021-06-14T06:49:50Z">
          <reporter-output>
          </reporter-output>
        </test-method> <!-- setUp -->
        <test-method status="PASS" signature="createCaseProcedureSelectionFlowTest(java.lang.String, java.lang.String, java.lang.String, java.lang.String, java.lang.String, java.lang.String, java.lang.String, java.lang.String)[pri:1, instance:com.ort.qa.testcases.CreateCaseProcedureSelectionFlowTest@204f30ec]" name="createCaseProcedureSelectionFlowTest" duration-ms="48051" started-at="2021-06-14T06:49:50Z" data-provider="ProcedureSelectionFlow" finished-at="2021-06-14T06:50:38Z">
          <params>
            <param index="0">
              <value>
                <![CDATA[Sharma]]>
              </value>
            </param>
            <param index="1">
              <value>
                <![CDATA[Vikas]]>
              </value>
            </param>
            <param index="2">
              <value>
                <![CDATA[646464]]>
              </value>
            </param>
            <param index="3">
              <value>
                <![CDATA[Christiana 44_Test ]]>
              </value>
            </param>
            <param index="4">
              <value>
                <![CDATA[Urgent (Up to 8hrs.) ]]>
              </value>
            </param>
            <param index="5">
              <value>
                <![CDATA[No]]>
              </value>
            </param>
            <param index="6">
              <value>
                <![CDATA[Trauma]]>
              </value>
            </param>
            <param index="7">
              <value>
                <![CDATA[IM Nail Hip / InterTroch / CMN Hip(27245)]]>
              </value>
            </param>
          </params>
          <reporter-output>
          </reporter-output>
        </test-method> <!-- createCaseProcedureSelectionFlowTest -->
      </class> <!-- com.ort.qa.testcases.CreateCaseProcedureSelectionFlowTest -->
    </test> <!-- Default test -->
  </suite> <!-- Default suite -->
</testng-results>
