<?xml version="1.0" encoding="UTF-8"?>
<testng-results skipped="0" failed="0" ignored="2" total="3" passed="1">
  <reporter-output>
  </reporter-output>
  <suite name="Default suite" duration-ms="86002" started-at="2021-05-31T13:12:27Z" finished-at="2021-05-31T13:13:53Z">
    <groups>
    </groups>
    <test name="Default test" duration-ms="86002" started-at="2021-05-31T13:12:27Z" finished-at="2021-05-31T13:13:53Z">
      <class name="com.ort.qa.testcases.CreateCaseFindPatientPageTest">
        <test-method status="PASS" signature="setUp()[pri:0, instance:com.ort.qa.testcases.CreateCaseFindPatientPageTest@59ec2012]" name="setUp" is-config="true" duration-ms="21098" started-at="2021-05-31T13:12:28Z" finished-at="2021-05-31T13:12:49Z">
          <reporter-output>
          </reporter-output>
        </test-method> <!-- setUp -->
        <test-method status="PASS" signature="createCaseFindPatientPageTest(java.lang.String, java.lang.String, java.lang.String)[pri:1, instance:com.ort.qa.testcases.CreateCaseFindPatientPageTest@59ec2012]" name="createCaseFindPatientPageTest" duration-ms="64314" started-at="2021-05-31T13:12:49Z" data-provider="PatientData" finished-at="2021-05-31T13:13:53Z">
          <params>
            <param index="0">
              <value>
                <![CDATA[Sharma]]>
              </value>
            </param>
            <param index="1">
              <value>
                <![CDATA[Vikas]]>
              </value>
            </param>
            <param index="2">
              <value>
                <![CDATA[646464]]>
              </value>
            </param>
          </params>
          <reporter-output>
          </reporter-output>
        </test-method> <!-- createCaseFindPatientPageTest -->
      </class> <!-- com.ort.qa.testcases.CreateCaseFindPatientPageTest -->
    </test> <!-- Default test -->
  </suite> <!-- Default suite -->
</testng-results>
