<?xml version="1.0" encoding="UTF-8"?>
<testng-results skipped="0" failed="0" ignored="7" total="8" passed="1">
  <reporter-output>
  </reporter-output>
  <suite name="Default suite" duration-ms="38919" started-at="2021-05-28T11:14:27 IST" finished-at="2021-05-28T11:15:06 IST">
    <groups>
    </groups>
    <test name="Default test" duration-ms="38919" started-at="2021-05-28T11:14:27 IST" finished-at="2021-05-28T11:15:06 IST">
      <class name="com.ort.qa.testcases.SearchPatientPageTest">
        <test-method status="PASS" signature="setUp()[pri:0, instance:com.ort.qa.testcases.SearchPatientPageTest@3712b94]" name="setUp" is-config="true" duration-ms="22179" started-at="2021-05-28T11:14:27 IST" finished-at="2021-05-28T11:14:49 IST">
          <reporter-output>
          </reporter-output>
        </test-method> <!-- setUp -->
        <test-method status="PASS" signature="searchPatient8()[pri:9, instance:com.ort.qa.testcases.SearchPatientPageTest@3712b94]" name="searchPatient8" duration-ms="12771" started-at="2021-05-28T11:14:49 IST" finished-at="2021-05-28T11:15:02 IST">
          <reporter-output>
          </reporter-output>
        </test-method> <!-- searchPatient8 -->
        <test-method status="PASS" signature="tearDown()[pri:0, instance:com.ort.qa.testcases.SearchPatientPageTest@3712b94]" name="tearDown" is-config="true" duration-ms="3902" started-at="2021-05-28T11:15:02 IST" finished-at="2021-05-28T11:15:06 IST">
          <reporter-output>
          </reporter-output>
        </test-method> <!-- tearDown -->
      </class> <!-- com.ort.qa.testcases.SearchPatientPageTest -->
    </test> <!-- Default test -->
  </suite> <!-- Default suite -->
</testng-results>
