<?xml version="1.0" encoding="UTF-8"?>
<testng-results skipped="0" failed="0" ignored="12" total="13" passed="1">
  <reporter-output>
  </reporter-output>
  <suite name="Default suite" duration-ms="40335" started-at="2021-05-27T18:00:36 IST" finished-at="2021-05-27T18:01:16 IST">
    <groups>
    </groups>
    <test name="Default test" duration-ms="40335" started-at="2021-05-27T18:00:36 IST" finished-at="2021-05-27T18:01:16 IST">
      <class name="com.ort.qa.testcases.SearchPatientPageTest">
        <test-method status="PASS" signature="setUp()[pri:0, instance:com.ort.qa.testcases.SearchPatientPageTest@3712b94]" name="setUp" is-config="true" duration-ms="23551" started-at="2021-05-27T18:00:36 IST" finished-at="2021-05-27T18:00:59 IST">
          <reporter-output>
          </reporter-output>
        </test-method> <!-- setUp -->
        <test-method status="PASS" signature="searchPatient1()[pri:2, instance:com.ort.qa.testcases.SearchPatientPageTest@3712b94]" name="searchPatient1" duration-ms="12919" started-at="2021-05-27T18:00:59 IST" finished-at="2021-05-27T18:01:12 IST">
          <reporter-output>
          </reporter-output>
        </test-method> <!-- searchPatient1 -->
        <test-method status="PASS" signature="tearDown()[pri:0, instance:com.ort.qa.testcases.SearchPatientPageTest@3712b94]" name="tearDown" is-config="true" duration-ms="3815" started-at="2021-05-27T18:01:12 IST" finished-at="2021-05-27T18:01:16 IST">
          <reporter-output>
          </reporter-output>
        </test-method> <!-- tearDown -->
      </class> <!-- com.ort.qa.testcases.SearchPatientPageTest -->
    </test> <!-- Default test -->
  </suite> <!-- Default suite -->
</testng-results>
