<?xml version="1.0" encoding="UTF-8"?>
<testng-results skipped="0" failed="0" ignored="0" total="1" passed="1">
  <reporter-output>
  </reporter-output>
  <suite name="Default suite" duration-ms="43784" started-at="2021-06-01T06:28:08Z" finished-at="2021-06-01T06:28:51Z">
    <groups>
    </groups>
    <test name="Default test" duration-ms="43784" started-at="2021-06-01T06:28:08Z" finished-at="2021-06-01T06:28:51Z">
      <class name="com.ort.qa.testcases.SPDOnHoldPageTest">
        <test-method status="PASS" signature="setUp()[pri:0, instance:com.ort.qa.testcases.SPDOnHoldPageTest@4dfa3a9d]" name="setUp" is-config="true" duration-ms="31533" started-at="2021-06-01T06:28:08Z" finished-at="2021-06-01T06:28:39Z">
          <reporter-output>
          </reporter-output>
        </test-method> <!-- setUp -->
        <test-method status="PASS" signature="searchPatient()[pri:1, instance:com.ort.qa.testcases.SPDOnHoldPageTest@4dfa3a9d]" name="searchPatient" duration-ms="9330" started-at="2021-06-01T06:28:39Z" finished-at="2021-06-01T06:28:49Z">
          <reporter-output>
          </reporter-output>
        </test-method> <!-- searchPatient -->
        <test-method status="PASS" signature="tearDown()[pri:0, instance:com.ort.qa.testcases.SPDOnHoldPageTest@4dfa3a9d]" name="tearDown" is-config="true" duration-ms="2883" started-at="2021-06-01T06:28:49Z" finished-at="2021-06-01T06:28:51Z">
          <reporter-output>
          </reporter-output>
        </test-method> <!-- tearDown -->
      </class> <!-- com.ort.qa.testcases.SPDOnHoldPageTest -->
    </test> <!-- Default test -->
  </suite> <!-- Default suite -->
</testng-results>
