<?xml version="1.0" encoding="UTF-8"?>
<testng-results skipped="0" failed="0" ignored="0" total="1" passed="1">
  <reporter-output>
  </reporter-output>
  <suite name="Default suite" duration-ms="17759" started-at="2021-05-17T06:13:52Z" finished-at="2021-05-17T06:14:10Z">
    <groups>
    </groups>
    <test name="Default test" duration-ms="17759" started-at="2021-05-17T06:13:52Z" finished-at="2021-05-17T06:14:10Z">
      <class name="com.ort.qa.testcases.SelectFacilityPageTest">
        <test-method status="PASS" signature="setUp()[pri:0, instance:com.ort.qa.testcases.SelectFacilityPageTest@146ba0ac]" name="setUp" is-config="true" duration-ms="13585" started-at="2021-05-17T06:13:52Z" finished-at="2021-05-17T06:14:06Z">
          <reporter-output>
          </reporter-output>
        </test-method> <!-- setUp -->
        <test-method status="PASS" signature="selectFacilityPage()[pri:1, instance:com.ort.qa.testcases.SelectFacilityPageTest@146ba0ac]" name="selectFacilityPage" duration-ms="4126" started-at="2021-05-17T06:14:06Z" finished-at="2021-05-17T06:14:10Z">
          <reporter-output>
          </reporter-output>
        </test-method> <!-- selectFacilityPage -->
      </class> <!-- com.ort.qa.testcases.SelectFacilityPageTest -->
    </test> <!-- Default test -->
  </suite> <!-- Default suite -->
</testng-results>
