<?xml version="1.0" encoding="UTF-8"?>
<!-- Generated by org.testng.reporters.JUnitXMLReporter -->
<testsuite hostname="DESKTOP-B8QHPPA" ignored="1" name="Ortelligence Application Test Cases" tests="3" failures="1" timestamp="14 May 2021 09:27:24 GMT" time="41.99" errors="0">
  <testcase name="LoginPageTiltleTest" time="0.028" classname="TestCases.LoginPageTest"/>
  <testcase name="ORtLogoImageTest" time="9.698" classname="TestCases.LoginPageTest">
    <failure type="java.lang.AssertionError" message="expected [true] but found [false]">
      <![CDATA[java.lang.AssertionError: expected [true] but found [false]
at TestCases.LoginPageTest.ORtLogoImageTest(LoginPageTest.java:50)
... Removed 29 stack frames]]>
    </failure>
  </testcase> <!-- ORtLogoImageTest -->
  <testcase name="loginTest" time="7.141" classname="TestCases.LoginPageTest"/>
  <testcase name="LoginTest" time="0.0" classname="TestCases.LoginPageTest">
    <ignored/>
  </testcase> <!-- LoginTest -->
</testsuite> <!-- Ortelligence Application Test Cases -->
